This file contains any messages produced by compilers while
running configure, to aid debugging if configure makes a mistake.

It was created by ceph configure 0.67, which was
generated by GNU Autoconf 2.68.  Invocation command line was

  $ ./configure --without-libaio --without-fuse --no-create --no-recursion

## --------- ##
## Platform. ##
## --------- ##

hostname = MONITOR
uname -m = x86_64
uname -r = 3.2.0-23-generic
uname -s = Linux
uname -v = #36-Ubuntu SMP Tue Apr 10 20:39:51 UTC 2012

/usr/bin/uname -p = unknown
/bin/uname -X     = unknown

/bin/arch              = unknown
/usr/bin/arch -k       = unknown
/usr/convex/getsysinfo = unknown
/usr/bin/hostinfo      = unknown
/bin/machine           = unknown
/usr/bin/oslevel       = unknown
/bin/universe          = unknown

PATH: /usr/local/sbin
PATH: /usr/local/bin
PATH: /usr/sbin
PATH: /usr/bin
PATH: /sbin
PATH: /bin
PATH: /usr/games


## ----------- ##
## Core tests. ##
## ----------- ##

configure:2655: RPM_RELEASE='0'
configure:2699: checking build system type
configure:2713: result: x86_64-unknown-linux-gnu
configure:2733: checking host system type
configure:2746: result: x86_64-unknown-linux-gnu
configure:2766: checking target system type
configure:2779: result: x86_64-unknown-linux-gnu
configure:2823: checking for a BSD-compatible install
configure:2891: result: /usr/bin/install -c
configure:2902: checking whether build environment is sane
configure:2952: result: yes
configure:3093: checking for a thread-safe mkdir -p
configure:3132: result: /bin/mkdir -p
configure:3145: checking for gawk
configure:3161: found /usr/bin/gawk
configure:3172: result: gawk
configure:3183: checking whether make sets $(MAKE)
configure:3205: result: yes
configure:3297: checking for style of include used by make
configure:3325: result: GNU
configure:3396: checking for gcc
configure:3412: found /usr/bin/gcc
configure:3423: result: gcc
configure:3652: checking for C compiler version
configure:3661: gcc --version >&5
gcc (Ubuntu/Linaro 4.6.3-1ubuntu5) 4.6.3
Copyright (C) 2011 Free Software Foundation, Inc.
This is free software; see the source for copying conditions.  There is NO
warranty; not even for MERCHANTABILITY or FITNESS FOR A PARTICULAR PURPOSE.

configure:3672: $? = 0
configure:3661: gcc -v >&5
Using built-in specs.
COLLECT_GCC=gcc
COLLECT_LTO_WRAPPER=/usr/lib/gcc/x86_64-linux-gnu/4.6/lto-wrapper
Target: x86_64-linux-gnu
Configured with: ../src/configure -v --with-pkgversion='Ubuntu/Linaro 4.6.3-1ubuntu5' --with-bugurl=file:///usr/share/doc/gcc-4.6/README.Bugs --enable-languages=c,c++,fortran,objc,obj-c++ --prefix=/usr --program-suffix=-4.6 --enable-shared --enable-linker-build-id --with-system-zlib --libexecdir=/usr/lib --without-included-gettext --enable-threads=posix --with-gxx-include-dir=/usr/include/c++/4.6 --libdir=/usr/lib --enable-nls --with-sysroot=/ --enable-clocale=gnu --enable-libstdcxx-debug --enable-libstdcxx-time=yes --enable-gnu-unique-object --enable-plugin --enable-objc-gc --disable-werror --with-arch-32=i686 --with-tune=generic --enable-checking=release --build=x86_64-linux-gnu --host=x86_64-linux-gnu --target=x86_64-linux-gnu
Thread model: posix
gcc version 4.6.3 (Ubuntu/Linaro 4.6.3-1ubuntu5) 
configure:3672: $? = 0
configure:3661: gcc -V >&5
gcc: error: unrecognized option '-V'
gcc: fatal error: no input files
compilation terminated.
configure:3672: $? = 4
configure:3661: gcc -qversion >&5
gcc: error: unrecognized option '-qversion'
gcc: fatal error: no input files
compilation terminated.
configure:3672: $? = 4
configure:3692: checking whether the C compiler works
configure:3714: gcc    conftest.c  >&5
configure:3718: $? = 0
configure:3766: result: yes
configure:3769: checking for C compiler default output file name
configure:3771: result: a.out
configure:3777: checking for suffix of executables
configure:3784: gcc -o conftest    conftest.c  >&5
configure:3788: $? = 0
configure:3810: result: 
configure:3832: checking whether we are cross compiling
configure:3840: gcc -o conftest    conftest.c  >&5
configure:3844: $? = 0
configure:3851: ./conftest
configure:3855: $? = 0
configure:3870: result: no
configure:3875: checking for suffix of object files
configure:3897: gcc -c   conftest.c >&5
configure:3901: $? = 0
configure:3922: result: o
configure:3926: checking whether we are using the GNU C compiler
configure:3945: gcc -c   conftest.c >&5
configure:3945: $? = 0
configure:3954: result: yes
configure:3963: checking whether gcc accepts -g
configure:3983: gcc -c -g  conftest.c >&5
configure:3983: $? = 0
configure:4024: result: yes
configure:4041: checking for gcc option to accept ISO C89
configure:4105: gcc  -c -g -O2  conftest.c >&5
configure:4105: $? = 0
configure:4118: result: none needed
configure:4140: checking dependency style of gcc
configure:4251: result: gcc3
configure:4267: checking whether gcc and cc understand -c and -o together
configure:4298: gcc -c conftest.c -o conftest2.o >&5
configure:4302: $? = 0
configure:4308: gcc -c conftest.c -o conftest2.o >&5
configure:4312: $? = 0
configure:4323: cc -c conftest.c >&5
configure:4327: $? = 0
configure:4335: cc -c conftest.c -o conftest2.o >&5
configure:4339: $? = 0
configure:4345: cc -c conftest.c -o conftest2.o >&5
configure:4349: $? = 0
configure:4367: result: yes
configure:4438: checking how to print strings
configure:4465: result: printf
configure:4486: checking for a sed that does not truncate output
configure:4550: result: /bin/sed
configure:4568: checking for grep that handles long lines and -e
configure:4626: result: /bin/grep
configure:4631: checking for egrep
configure:4693: result: /bin/grep -E
configure:4698: checking for fgrep
configure:4760: result: /bin/grep -F
configure:4795: checking for ld used by gcc
configure:4862: result: /usr/bin/ld
configure:4869: checking if the linker (/usr/bin/ld) is GNU ld
configure:4884: result: yes
configure:4896: checking for BSD- or MS-compatible name lister (nm)
configure:4945: result: /usr/bin/nm -B
configure:5075: checking the name lister (/usr/bin/nm -B) interface
configure:5082: gcc -c -g -O2  conftest.c >&5
configure:5085: /usr/bin/nm -B "conftest.o"
configure:5088: output
0000000000000000 B some_variable
configure:5095: result: BSD nm
configure:5098: checking whether ln -s works
configure:5102: result: yes
configure:5110: checking the maximum length of command line arguments
configure:5240: result: 3458764513820540925
configure:5257: checking whether the shell understands some XSI constructs
configure:5267: result: yes
configure:5271: checking whether the shell understands "+="
configure:5277: result: yes
configure:5312: checking how to convert x86_64-unknown-linux-gnu file names to x86_64-unknown-linux-gnu format
configure:5352: result: func_convert_file_noop
configure:5359: checking how to convert x86_64-unknown-linux-gnu file names to toolchain format
configure:5379: result: func_convert_file_noop
configure:5386: checking for /usr/bin/ld option to reload object files
configure:5393: result: -r
configure:5467: checking for objdump
configure:5483: found /usr/bin/objdump
configure:5494: result: objdump
configure:5526: checking how to recognize dependent libraries
configure:5728: result: pass_all
configure:5813: checking for dlltool
configure:5843: result: no
configure:5873: checking how to associate runtime and link libraries
configure:5900: result: printf %s\n
configure:5961: checking for ar
configure:5977: found /usr/bin/ar
configure:5988: result: ar
configure:6025: checking for archiver @FILE support
configure:6042: gcc -c -g -O2  conftest.c >&5
configure:6042: $? = 0
configure:6045: ar cru libconftest.a @conftest.lst >&5
configure:6048: $? = 0
configure:6053: ar cru libconftest.a @conftest.lst >&5
ar: conftest.o: No such file or directory
configure:6056: $? = 1
configure:6068: result: @
configure:6126: checking for strip
configure:6142: found /usr/bin/strip
configure:6153: result: strip
configure:6225: checking for ranlib
configure:6241: found /usr/bin/ranlib
configure:6252: result: ranlib
configure:6354: checking command to parse /usr/bin/nm -B output from gcc object
configure:6474: gcc -c -g -O2  conftest.c >&5
configure:6477: $? = 0
configure:6481: /usr/bin/nm -B conftest.o \| sed -n -e 's/^.*[ ]\([ABCDGIRSTW][ABCDGIRSTW]*\)[ ][ ]*\([_A-Za-z][_A-Za-z0-9]*\)$/\1 \2 \2/p' | sed '/ __gnu_lto/d' \> conftest.nm
configure:6484: $? = 0
configure:6550: gcc -o conftest -g -O2   conftest.c conftstm.o >&5
configure:6553: $? = 0
configure:6591: result: ok
configure:6628: checking for sysroot
configure:6658: result: no
configure:6735: gcc -c -g -O2  conftest.c >&5
configure:6738: $? = 0
configure:6914: checking for mt
configure:6930: found /bin/mt
configure:6941: result: mt
configure:6964: checking if mt is a manifest tool
configure:6970: mt '-?'
configure:6978: result: no
configure:7620: checking how to run the C preprocessor
configure:7651: gcc -E  conftest.c
configure:7651: $? = 0
configure:7665: gcc -E  conftest.c
conftest.c:11:28: fatal error: ac_nonexistent.h: No such file or directory
compilation terminated.
configure:7665: $? = 1
configure: failed program was:
| /* confdefs.h */
| #define PACKAGE_NAME "ceph"
| #define PACKAGE_TARNAME "ceph"
| #define PACKAGE_VERSION "0.67"
| #define PACKAGE_STRING "ceph 0.67"
| #define PACKAGE_BUGREPORT "ceph-devel@vger.kernel.org"
| #define PACKAGE_URL ""
| #define PACKAGE "ceph"
| #define VERSION "0.67"
| /* end confdefs.h.  */
| #include <ac_nonexistent.h>
configure:7690: result: gcc -E
configure:7710: gcc -E  conftest.c
configure:7710: $? = 0
configure:7724: gcc -E  conftest.c
conftest.c:11:28: fatal error: ac_nonexistent.h: No such file or directory
compilation terminated.
configure:7724: $? = 1
configure: failed program was:
| /* confdefs.h */
| #define PACKAGE_NAME "ceph"
| #define PACKAGE_TARNAME "ceph"
| #define PACKAGE_VERSION "0.67"
| #define PACKAGE_STRING "ceph 0.67"
| #define PACKAGE_BUGREPORT "ceph-devel@vger.kernel.org"
| #define PACKAGE_URL ""
| #define PACKAGE "ceph"
| #define VERSION "0.67"
| /* end confdefs.h.  */
| #include <ac_nonexistent.h>
configure:7753: checking for ANSI C header files
configure:7773: gcc -c -g -O2  conftest.c >&5
configure:7773: $? = 0
configure:7846: gcc -o conftest -g -O2   conftest.c  >&5
configure:7846: $? = 0
configure:7846: ./conftest
configure:7846: $? = 0
configure:7857: result: yes
configure:7870: checking for sys/types.h
configure:7870: gcc -c -g -O2  conftest.c >&5
configure:7870: $? = 0
configure:7870: result: yes
configure:7870: checking for sys/stat.h
configure:7870: gcc -c -g -O2  conftest.c >&5
configure:7870: $? = 0
configure:7870: result: yes
configure:7870: checking for stdlib.h
configure:7870: gcc -c -g -O2  conftest.c >&5
configure:7870: $? = 0
configure:7870: result: yes
configure:7870: checking for string.h
configure:7870: gcc -c -g -O2  conftest.c >&5
configure:7870: $? = 0
configure:7870: result: yes
configure:7870: checking for memory.h
configure:7870: gcc -c -g -O2  conftest.c >&5
configure:7870: $? = 0
configure:7870: result: yes
configure:7870: checking for strings.h
configure:7870: gcc -c -g -O2  conftest.c >&5
configure:7870: $? = 0
configure:7870: result: yes
configure:7870: checking for inttypes.h
configure:7870: gcc -c -g -O2  conftest.c >&5
configure:7870: $? = 0
configure:7870: result: yes
configure:7870: checking for stdint.h
configure:7870: gcc -c -g -O2  conftest.c >&5
configure:7870: $? = 0
configure:7870: result: yes
configure:7870: checking for unistd.h
configure:7870: gcc -c -g -O2  conftest.c >&5
configure:7870: $? = 0
configure:7870: result: yes
configure:7884: checking for dlfcn.h
configure:7884: gcc -c -g -O2  conftest.c >&5
configure:7884: $? = 0
configure:7884: result: yes
configure:8090: checking for objdir
configure:8105: result: .libs
configure:8376: checking if gcc supports -fno-rtti -fno-exceptions
configure:8394: gcc -c -g -O2  -fno-rtti -fno-exceptions conftest.c >&5
cc1: warning: command line option '-fno-rtti' is valid for C++/ObjC++ but not for C [enabled by default]
configure:8398: $? = 0
configure:8411: result: no
configure:8738: checking for gcc option to produce PIC
configure:8745: result: -fPIC -DPIC
configure:8753: checking if gcc PIC flag -fPIC -DPIC works
configure:8771: gcc -c -g -O2  -fPIC -DPIC -DPIC conftest.c >&5
configure:8775: $? = 0
configure:8788: result: yes
configure:8817: checking if gcc static flag -static works
configure:8845: result: yes
configure:8860: checking if gcc supports -c -o file.o
configure:8881: gcc -c -g -O2  -o out/conftest2.o conftest.c >&5
configure:8885: $? = 0
configure:8907: result: yes
configure:8915: checking if gcc supports -c -o file.o
configure:8962: result: yes
configure:8995: checking whether the gcc linker (/usr/bin/ld -m elf_x86_64) supports shared libraries
configure:10152: result: yes
configure:10189: checking whether -lc should be explicitly linked in
configure:10197: gcc -c -g -O2  conftest.c >&5
configure:10200: $? = 0
configure:10215: gcc -shared  -fPIC -DPIC conftest.o  -v -Wl,-soname -Wl,conftest -o conftest 2\>\&1 \| /bin/grep  -lc  \>/dev/null 2\>\&1
configure:10218: $? = 0
configure:10232: result: no
configure:10392: checking dynamic linker characteristics
configure:10903: gcc -o conftest -g -O2   -Wl,-rpath -Wl,/foo conftest.c  >&5
configure:10903: $? = 0
configure:11137: result: GNU/Linux ld.so
configure:11244: checking how to hardcode library paths into programs
configure:11269: result: immediate
configure:11809: checking whether stripping libraries is possible
configure:11814: result: yes
configure:11849: checking if libtool supports shared libraries
configure:11851: result: yes
configure:11854: checking whether to build shared libraries
configure:11875: result: yes
configure:11878: checking whether to build static libraries
configure:11882: result: yes
configure:11984: checking dependency style of gcc
configure:12095: result: gcc3
configure:12122: checking whether make supports nested variables
configure:12139: result: yes
configure:12241: checking for g++
configure:12257: found /usr/bin/g++
configure:12268: result: g++
configure:12295: checking for C++ compiler version
configure:12304: g++ --version >&5
g++ (Ubuntu/Linaro 4.6.3-1ubuntu5) 4.6.3
Copyright (C) 2011 Free Software Foundation, Inc.
This is free software; see the source for copying conditions.  There is NO
warranty; not even for MERCHANTABILITY or FITNESS FOR A PARTICULAR PURPOSE.

configure:12315: $? = 0
configure:12304: g++ -v >&5
Using built-in specs.
COLLECT_GCC=g++
COLLECT_LTO_WRAPPER=/usr/lib/gcc/x86_64-linux-gnu/4.6/lto-wrapper
Target: x86_64-linux-gnu
Configured with: ../src/configure -v --with-pkgversion='Ubuntu/Linaro 4.6.3-1ubuntu5' --with-bugurl=file:///usr/share/doc/gcc-4.6/README.Bugs --enable-languages=c,c++,fortran,objc,obj-c++ --prefix=/usr --program-suffix=-4.6 --enable-shared --enable-linker-build-id --with-system-zlib --libexecdir=/usr/lib --without-included-gettext --enable-threads=posix --with-gxx-include-dir=/usr/include/c++/4.6 --libdir=/usr/lib --enable-nls --with-sysroot=/ --enable-clocale=gnu --enable-libstdcxx-debug --enable-libstdcxx-time=yes --enable-gnu-unique-object --enable-plugin --enable-objc-gc --disable-werror --with-arch-32=i686 --with-tune=generic --enable-checking=release --build=x86_64-linux-gnu --host=x86_64-linux-gnu --target=x86_64-linux-gnu
Thread model: posix
gcc version 4.6.3 (Ubuntu/Linaro 4.6.3-1ubuntu5) 
configure:12315: $? = 0
configure:12304: g++ -V >&5
g++: error: unrecognized option '-V'
g++: fatal error: no input files
compilation terminated.
configure:12315: $? = 4
configure:12304: g++ -qversion >&5
g++: error: unrecognized option '-qversion'
g++: fatal error: no input files
compilation terminated.
configure:12315: $? = 4
configure:12319: checking whether we are using the GNU C++ compiler
configure:12338: g++ -c   conftest.cpp >&5
configure:12338: $? = 0
configure:12347: result: yes
configure:12356: checking whether g++ accepts -g
configure:12376: g++ -c -g  conftest.cpp >&5
configure:12376: $? = 0
configure:12417: result: yes
configure:12442: checking dependency style of g++
configure:12553: result: gcc3
configure:12586: checking how to run the C++ preprocessor
configure:12613: g++ -E  conftest.cpp
configure:12613: $? = 0
configure:12627: g++ -E  conftest.cpp
conftest.cpp:25:28: fatal error: ac_nonexistent.h: No such file or directory
compilation terminated.
configure:12627: $? = 1
configure: failed program was:
| /* confdefs.h */
| #define PACKAGE_NAME "ceph"
| #define PACKAGE_TARNAME "ceph"
| #define PACKAGE_VERSION "0.67"
| #define PACKAGE_STRING "ceph 0.67"
| #define PACKAGE_BUGREPORT "ceph-devel@vger.kernel.org"
| #define PACKAGE_URL ""
| #define PACKAGE "ceph"
| #define VERSION "0.67"
| #define STDC_HEADERS 1
| #define HAVE_SYS_TYPES_H 1
| #define HAVE_SYS_STAT_H 1
| #define HAVE_STDLIB_H 1
| #define HAVE_STRING_H 1
| #define HAVE_MEMORY_H 1
| #define HAVE_STRINGS_H 1
| #define HAVE_INTTYPES_H 1
| #define HAVE_STDINT_H 1
| #define HAVE_UNISTD_H 1
| #define HAVE_DLFCN_H 1
| #define LT_OBJDIR ".libs/"
| #define PACKAGE "ceph"
| #define VERSION "0.67"
| /* end confdefs.h.  */
| #include <ac_nonexistent.h>
configure:12652: result: g++ -E
configure:12672: g++ -E  conftest.cpp
configure:12672: $? = 0
configure:12686: g++ -E  conftest.cpp
conftest.cpp:25:28: fatal error: ac_nonexistent.h: No such file or directory
compilation terminated.
configure:12686: $? = 1
configure: failed program was:
| /* confdefs.h */
| #define PACKAGE_NAME "ceph"
| #define PACKAGE_TARNAME "ceph"
| #define PACKAGE_VERSION "0.67"
| #define PACKAGE_STRING "ceph 0.67"
| #define PACKAGE_BUGREPORT "ceph-devel@vger.kernel.org"
| #define PACKAGE_URL ""
| #define PACKAGE "ceph"
| #define VERSION "0.67"
| #define STDC_HEADERS 1
| #define HAVE_SYS_TYPES_H 1
| #define HAVE_SYS_STAT_H 1
| #define HAVE_STDLIB_H 1
| #define HAVE_STRING_H 1
| #define HAVE_MEMORY_H 1
| #define HAVE_STRINGS_H 1
| #define HAVE_INTTYPES_H 1
| #define HAVE_STDINT_H 1
| #define HAVE_UNISTD_H 1
| #define HAVE_DLFCN_H 1
| #define LT_OBJDIR ".libs/"
| #define PACKAGE "ceph"
| #define VERSION "0.67"
| /* end confdefs.h.  */
| #include <ac_nonexistent.h>
configure:12855: checking for ld used by g++
configure:12922: result: /usr/bin/ld -m elf_x86_64
configure:12929: checking if the linker (/usr/bin/ld -m elf_x86_64) is GNU ld
configure:12944: result: yes
configure:12999: checking whether the g++ linker (/usr/bin/ld -m elf_x86_64) supports shared libraries
configure:14004: result: yes
configure:14040: g++ -c -g -O2  conftest.cpp >&5
configure:14043: $? = 0
configure:14563: checking for g++ option to produce PIC
configure:14570: result: -fPIC -DPIC
configure:14578: checking if g++ PIC flag -fPIC -DPIC works
configure:14596: g++ -c -g -O2  -fPIC -DPIC -DPIC conftest.cpp >&5
configure:14600: $? = 0
configure:14613: result: yes
configure:14636: checking if g++ static flag -static works
configure:14664: result: yes
configure:14676: checking if g++ supports -c -o file.o
configure:14697: g++ -c -g -O2  -o out/conftest2.o conftest.cpp >&5
configure:14701: $? = 0
configure:14723: result: yes
configure:14728: checking if g++ supports -c -o file.o
configure:14775: result: yes
configure:14805: checking whether the g++ linker (/usr/bin/ld -m elf_x86_64) supports shared libraries
configure:14844: result: yes
configure:14985: checking dynamic linker characteristics
configure:15664: result: GNU/Linux ld.so
configure:15717: checking how to hardcode library paths into programs
configure:15742: result: immediate
configure:15784: checking dependency style of g++
configure:15895: result: gcc3
configure:15915: checking whether make sets $(MAKE)
configure:15937: result: yes
configure:15968: checking whether gcc accepts -Wtype-limits
configure:15981: gcc -c -g -O2 -Wtype-limits  conftest.c >&5
configure:15981: $? = 0
configure:15982: result: yes
configure:16008: checking whether gcc accepts -Wignored-qualifiers
configure:16021: gcc -c -g -O2 -Wignored-qualifiers  conftest.c >&5
configure:16021: $? = 0
configure:16022: result: yes
configure:16206: checking for the pthreads library -lpthreads
configure:16239: gcc -o conftest -g -O2    conftest.c -lpthreads  >&5
/usr/bin/ld: cannot find -lpthreads
collect2: ld returned 1 exit status
configure:16239: $? = 1
configure: failed program was:
| /* confdefs.h */
| #define PACKAGE_NAME "ceph"
| #define PACKAGE_TARNAME "ceph"
| #define PACKAGE_VERSION "0.67"
| #define PACKAGE_STRING "ceph 0.67"
| #define PACKAGE_BUGREPORT "ceph-devel@vger.kernel.org"
| #define PACKAGE_URL ""
| #define PACKAGE "ceph"
| #define VERSION "0.67"
| #define STDC_HEADERS 1
| #define HAVE_SYS_TYPES_H 1
| #define HAVE_SYS_STAT_H 1
| #define HAVE_STDLIB_H 1
| #define HAVE_STRING_H 1
| #define HAVE_MEMORY_H 1
| #define HAVE_STRINGS_H 1
| #define HAVE_INTTYPES_H 1
| #define HAVE_STDINT_H 1
| #define HAVE_UNISTD_H 1
| #define HAVE_DLFCN_H 1
| #define LT_OBJDIR ".libs/"
| #define PACKAGE "ceph"
| #define VERSION "0.67"
| /* end confdefs.h.  */
| #include <pthread.h>
| int
| main ()
| {
| pthread_t th; pthread_join(th, 0);
|                      pthread_attr_init(0); pthread_cleanup_push(0, 0);
|                      pthread_create(0,0,0,0); pthread_cleanup_pop(0);
|   ;
|   return 0;
| }
configure:16248: result: no
configure:16151: checking whether pthreads work without any flags
configure:16239: gcc -o conftest -g -O2    conftest.c   >&5
/tmp/cccu335j.o: In function `main':
/root/Qemu_RBD/ceph-0.67/conftest.c:29: undefined reference to `pthread_join'
/root/Qemu_RBD/ceph-0.67/conftest.c:30: undefined reference to `__pthread_register_cancel'
/root/Qemu_RBD/ceph-0.67/conftest.c:31: undefined reference to `pthread_create'
/root/Qemu_RBD/ceph-0.67/conftest.c:31: undefined reference to `__pthread_unregister_cancel'
collect2: ld returned 1 exit status
configure:16239: $? = 1
configure: failed program was:
| /* confdefs.h */
| #define PACKAGE_NAME "ceph"
| #define PACKAGE_TARNAME "ceph"
| #define PACKAGE_VERSION "0.67"
| #define PACKAGE_STRING "ceph 0.67"
| #define PACKAGE_BUGREPORT "ceph-devel@vger.kernel.org"
| #define PACKAGE_URL ""
| #define PACKAGE "ceph"
| #define VERSION "0.67"
| #define STDC_HEADERS 1
| #define HAVE_SYS_TYPES_H 1
| #define HAVE_SYS_STAT_H 1
| #define HAVE_STDLIB_H 1
| #define HAVE_STRING_H 1
| #define HAVE_MEMORY_H 1
| #define HAVE_STRINGS_H 1
| #define HAVE_INTTYPES_H 1
| #define HAVE_STDINT_H 1
| #define HAVE_UNISTD_H 1
| #define HAVE_DLFCN_H 1
| #define LT_OBJDIR ".libs/"
| #define PACKAGE "ceph"
| #define VERSION "0.67"
| /* end confdefs.h.  */
| #include <pthread.h>
| int
| main ()
| {
| pthread_t th; pthread_join(th, 0);
|                      pthread_attr_init(0); pthread_cleanup_push(0, 0);
|                      pthread_create(0,0,0,0); pthread_cleanup_pop(0);
|   ;
|   return 0;
| }
configure:16248: result: no
configure:16156: checking whether pthreads work with -Kthread
configure:16239: gcc -o conftest -g -O2 -Kthread   conftest.c   >&5
gcc: error: unrecognized option '-Kthread'
configure:16239: $? = 1
configure: failed program was:
| /* confdefs.h */
| #define PACKAGE_NAME "ceph"
| #define PACKAGE_TARNAME "ceph"
| #define PACKAGE_VERSION "0.67"
| #define PACKAGE_STRING "ceph 0.67"
| #define PACKAGE_BUGREPORT "ceph-devel@vger.kernel.org"
| #define PACKAGE_URL ""
| #define PACKAGE "ceph"
| #define VERSION "0.67"
| #define STDC_HEADERS 1
| #define HAVE_SYS_TYPES_H 1
| #define HAVE_SYS_STAT_H 1
| #define HAVE_STDLIB_H 1
| #define HAVE_STRING_H 1
| #define HAVE_MEMORY_H 1
| #define HAVE_STRINGS_H 1
| #define HAVE_INTTYPES_H 1
| #define HAVE_STDINT_H 1
| #define HAVE_UNISTD_H 1
| #define HAVE_DLFCN_H 1
| #define LT_OBJDIR ".libs/"
| #define PACKAGE "ceph"
| #define VERSION "0.67"
| /* end confdefs.h.  */
| #include <pthread.h>
| int
| main ()
| {
| pthread_t th; pthread_join(th, 0);
|                      pthread_attr_init(0); pthread_cleanup_push(0, 0);
|                      pthread_create(0,0,0,0); pthread_cleanup_pop(0);
|   ;
|   return 0;
| }
configure:16248: result: no
configure:16156: checking whether pthreads work with -kthread
configure:16239: gcc -o conftest -g -O2 -kthread   conftest.c   >&5
gcc: error: unrecognized option '-kthread'
configure:16239: $? = 1
configure: failed program was:
| /* confdefs.h */
| #define PACKAGE_NAME "ceph"
| #define PACKAGE_TARNAME "ceph"
| #define PACKAGE_VERSION "0.67"
| #define PACKAGE_STRING "ceph 0.67"
| #define PACKAGE_BUGREPORT "ceph-devel@vger.kernel.org"
| #define PACKAGE_URL ""
| #define PACKAGE "ceph"
| #define VERSION "0.67"
| #define STDC_HEADERS 1
| #define HAVE_SYS_TYPES_H 1
| #define HAVE_SYS_STAT_H 1
| #define HAVE_STDLIB_H 1
| #define HAVE_STRING_H 1
| #define HAVE_MEMORY_H 1
| #define HAVE_STRINGS_H 1
| #define HAVE_INTTYPES_H 1
| #define HAVE_STDINT_H 1
| #define HAVE_UNISTD_H 1
| #define HAVE_DLFCN_H 1
| #define LT_OBJDIR ".libs/"
| #define PACKAGE "ceph"
| #define VERSION "0.67"
| /* end confdefs.h.  */
| #include <pthread.h>
| int
| main ()
| {
| pthread_t th; pthread_join(th, 0);
|                      pthread_attr_init(0); pthread_cleanup_push(0, 0);
|                      pthread_create(0,0,0,0); pthread_cleanup_pop(0);
|   ;
|   return 0;
| }
configure:16248: result: no
configure:16206: checking for the pthreads library -llthread
configure:16239: gcc -o conftest -g -O2    conftest.c -llthread  >&5
/usr/bin/ld: cannot find -llthread
collect2: ld returned 1 exit status
configure:16239: $? = 1
configure: failed program was:
| /* confdefs.h */
| #define PACKAGE_NAME "ceph"
| #define PACKAGE_TARNAME "ceph"
| #define PACKAGE_VERSION "0.67"
| #define PACKAGE_STRING "ceph 0.67"
| #define PACKAGE_BUGREPORT "ceph-devel@vger.kernel.org"
| #define PACKAGE_URL ""
| #define PACKAGE "ceph"
| #define VERSION "0.67"
| #define STDC_HEADERS 1
| #define HAVE_SYS_TYPES_H 1
| #define HAVE_SYS_STAT_H 1
| #define HAVE_STDLIB_H 1
| #define HAVE_STRING_H 1
| #define HAVE_MEMORY_H 1
| #define HAVE_STRINGS_H 1
| #define HAVE_INTTYPES_H 1
| #define HAVE_STDINT_H 1
| #define HAVE_UNISTD_H 1
| #define HAVE_DLFCN_H 1
| #define LT_OBJDIR ".libs/"
| #define PACKAGE "ceph"
| #define VERSION "0.67"
| /* end confdefs.h.  */
| #include <pthread.h>
| int
| main ()
| {
| pthread_t th; pthread_join(th, 0);
|                      pthread_attr_init(0); pthread_cleanup_push(0, 0);
|                      pthread_create(0,0,0,0); pthread_cleanup_pop(0);
|   ;
|   return 0;
| }
configure:16248: result: no
configure:16156: checking whether pthreads work with -pthread
configure:16239: gcc -o conftest -g -O2 -pthread   conftest.c   >&5
configure:16239: $? = 0
configure:16248: result: yes
configure:16267: checking for joinable pthread attribute
configure:16282: gcc -o conftest -g -O2 -pthread   conftest.c   >&5
configure:16282: $? = 0
configure:16288: result: PTHREAD_CREATE_JOINABLE
configure:16298: checking if more special flags are required for pthreads
configure:16305: result: no
configure:16394: checking whether to check for GCC pthread/shared inconsistencies
configure:16407: gcc -o conftest -shared -fPIC -Wl,-z,defs -g -O2 -pthread   conftest.c   >&5
configure:16407: $? = 0
configure:16419: result: yes
configure:16425: checking whether -pthread is sufficient with -shared
configure:16440: gcc -o conftest -shared -fPIC -Wl,-z,defs -g -O2 -pthread   conftest.c   >&5
configure:16440: $? = 0
configure:16447: result: yes
configure:16535: checking whether what we have so far is sufficient with -nostdlib
configure:16553: gcc -o conftest -nostdlib -shared -fPIC -Wl,-z,defs -g -O2 -pthread   conftest.c   -lc >&5
/tmp/ccsRdkR9.o: In function `main':
/root/Qemu_RBD/ceph-0.67/conftest.c:29: undefined reference to `pthread_join'
/root/Qemu_RBD/ceph-0.67/conftest.c:30: undefined reference to `__pthread_register_cancel'
/root/Qemu_RBD/ceph-0.67/conftest.c:31: undefined reference to `pthread_create'
/root/Qemu_RBD/ceph-0.67/conftest.c:31: undefined reference to `__pthread_unregister_cancel'
collect2: ld returned 1 exit status
configure:16553: $? = 1
configure: failed program was:
| /* confdefs.h */
| #define PACKAGE_NAME "ceph"
| #define PACKAGE_TARNAME "ceph"
| #define PACKAGE_VERSION "0.67"
| #define PACKAGE_STRING "ceph 0.67"
| #define PACKAGE_BUGREPORT "ceph-devel@vger.kernel.org"
| #define PACKAGE_URL ""
| #define PACKAGE "ceph"
| #define VERSION "0.67"
| #define STDC_HEADERS 1
| #define HAVE_SYS_TYPES_H 1
| #define HAVE_SYS_STAT_H 1
| #define HAVE_STDLIB_H 1
| #define HAVE_STRING_H 1
| #define HAVE_MEMORY_H 1
| #define HAVE_STRINGS_H 1
| #define HAVE_INTTYPES_H 1
| #define HAVE_STDINT_H 1
| #define HAVE_UNISTD_H 1
| #define HAVE_DLFCN_H 1
| #define LT_OBJDIR ".libs/"
| #define PACKAGE "ceph"
| #define VERSION "0.67"
| /* end confdefs.h.  */
| #include <pthread.h>
| int
| main ()
| {
| pthread_t th; pthread_join(th, 0);
| 	       pthread_attr_init(0); pthread_cleanup_push(0, 0);
| 	       pthread_create(0,0,0,0); pthread_cleanup_pop(0);
|   ;
|   return 0;
| }
configure:16565: result: no
configure:16570: checking whether -lpthread saves the day
configure:16586: gcc -o conftest -nostdlib -shared -fPIC -Wl,-z,defs -g -O2 -pthread   conftest.c -lpthread   -lc >&5
configure:16586: $? = 0
configure:16595: result: yes
configure:16634: checking for uuid_parse in -luuid
configure:16659: gcc -o conftest -g -O2   conftest.c -luuid   >&5
configure:16659: $? = 0
configure:16668: result: yes
configure:16679: checking for pow in -lm
configure:16704: gcc -o conftest -g -O2   conftest.c -lm   >&5
conftest.c:33:6: warning: conflicting types for built-in function 'pow' [enabled by default]
configure:16704: $? = 0
configure:16713: result: yes
configure:16724: checking for __res_nquery in -lresolv
configure:16749: gcc -o conftest -g -O2   conftest.c -lresolv   >&5
configure:16749: $? = 0
configure:16758: result: yes
configure:16770: checking for add_key in -lkeyutils
configure:16795: gcc -o conftest -g -O2   conftest.c -lkeyutils   >&5
configure:16795: $? = 0
configure:16804: result: yes
configure:16818: checking for syncfs
configure:16818: gcc -o conftest -g -O2   conftest.c  >&5
configure:16818: $? = 0
configure:16818: result: yes
configure:16895: checking for pkg-config
configure:16913: found /usr/bin/pkg-config
configure:16925: result: /usr/bin/pkg-config
configure:16950: checking pkg-config is at least version 0.9.0
configure:16953: result: yes
configure:16964: checking for CRYPTOPP
configure:16971: $PKG_CONFIG --exists --print-errors "libcrypto++"
configure:16974: $? = 0
configure:16988: $PKG_CONFIG --exists --print-errors "libcrypto++"
configure:16991: $? = 0
configure:17185: result: yes
configure:17210: checking for NSS
configure:17217: $PKG_CONFIG --exists --print-errors "nss"
Package nss was not found in the pkg-config search path.
Perhaps you should add the directory containing `nss.pc'
to the PKG_CONFIG_PATH environment variable
No package 'nss' found
configure:17220: $? = 1
configure:17234: $PKG_CONFIG --exists --print-errors "nss"
Package nss was not found in the pkg-config search path.
Perhaps you should add the directory containing `nss.pc'
to the PKG_CONFIG_PATH environment variable
No package 'nss' found
configure:17237: $? = 1
configure:17251: result: no
No package 'nss' found
configure:17290: using cryptopp for cryptography
configure:17461: checking for FCGX_Init in -lfcgi
configure:17486: gcc -o conftest -g -O2   conftest.c -lfcgi   >&5
configure:17486: $? = 0
configure:17495: result: yes
configure:17498: checking for XML_Parse in -lexpat
configure:17523: gcc -o conftest -g -O2   conftest.c -lexpat   >&5
configure:17523: $? = 0
configure:17532: result: yes
configure:17535: checking for curl_easy_init in -lcurl
configure:17560: gcc -o conftest -g -O2   conftest.c -lcurl   >&5
configure:17560: $? = 0
configure:17569: result: yes
configure:17573: checking fastcgi/fcgiapp.h usability
configure:17573: gcc -c -g -O2  conftest.c >&5
conftest.c:63:29: fatal error: fastcgi/fcgiapp.h: No such file or directory
compilation terminated.
configure:17573: $? = 1
configure: failed program was:
| /* confdefs.h */
| #define PACKAGE_NAME "ceph"
| #define PACKAGE_TARNAME "ceph"
| #define PACKAGE_VERSION "0.67"
| #define PACKAGE_STRING "ceph 0.67"
| #define PACKAGE_BUGREPORT "ceph-devel@vger.kernel.org"
| #define PACKAGE_URL ""
| #define PACKAGE "ceph"
| #define VERSION "0.67"
| #define STDC_HEADERS 1
| #define HAVE_SYS_TYPES_H 1
| #define HAVE_SYS_STAT_H 1
| #define HAVE_STDLIB_H 1
| #define HAVE_STRING_H 1
| #define HAVE_MEMORY_H 1
| #define HAVE_STRINGS_H 1
| #define HAVE_INTTYPES_H 1
| #define HAVE_STDINT_H 1
| #define HAVE_UNISTD_H 1
| #define HAVE_DLFCN_H 1
| #define LT_OBJDIR ".libs/"
| #define PACKAGE "ceph"
| #define VERSION "0.67"
| #define HAVE_PTHREAD 1
| #define HAVE_SYNCFS 1
| #define HAVE_SYS_SYNCFS 1
| #define USE_CRYPTOPP 1
| #define DEBUG_GATHER 1
| /* end confdefs.h.  */
| #include <stdio.h>
| #ifdef HAVE_SYS_TYPES_H
| # include <sys/types.h>
| #endif
| #ifdef HAVE_SYS_STAT_H
| # include <sys/stat.h>
| #endif
| #ifdef STDC_HEADERS
| # include <stdlib.h>
| # include <stddef.h>
| #else
| # ifdef HAVE_STDLIB_H
| #  include <stdlib.h>
| # endif
| #endif
| #ifdef HAVE_STRING_H
| # if !defined STDC_HEADERS && defined HAVE_MEMORY_H
| #  include <memory.h>
| # endif
| # include <string.h>
| #endif
| #ifdef HAVE_STRINGS_H
| # include <strings.h>
| #endif
| #ifdef HAVE_INTTYPES_H
| # include <inttypes.h>
| #endif
| #ifdef HAVE_STDINT_H
| # include <stdint.h>
| #endif
| #ifdef HAVE_UNISTD_H
| # include <unistd.h>
| #endif
| #include <fastcgi/fcgiapp.h>
configure:17573: result: no
configure:17573: checking fastcgi/fcgiapp.h presence
configure:17573: gcc -E  conftest.c
conftest.c:30:29: fatal error: fastcgi/fcgiapp.h: No such file or directory
compilation terminated.
configure:17573: $? = 1
configure: failed program was:
| /* confdefs.h */
| #define PACKAGE_NAME "ceph"
| #define PACKAGE_TARNAME "ceph"
| #define PACKAGE_VERSION "0.67"
| #define PACKAGE_STRING "ceph 0.67"
| #define PACKAGE_BUGREPORT "ceph-devel@vger.kernel.org"
| #define PACKAGE_URL ""
| #define PACKAGE "ceph"
| #define VERSION "0.67"
| #define STDC_HEADERS 1
| #define HAVE_SYS_TYPES_H 1
| #define HAVE_SYS_STAT_H 1
| #define HAVE_STDLIB_H 1
| #define HAVE_STRING_H 1
| #define HAVE_MEMORY_H 1
| #define HAVE_STRINGS_H 1
| #define HAVE_INTTYPES_H 1
| #define HAVE_STDINT_H 1
| #define HAVE_UNISTD_H 1
| #define HAVE_DLFCN_H 1
| #define LT_OBJDIR ".libs/"
| #define PACKAGE "ceph"
| #define VERSION "0.67"
| #define HAVE_PTHREAD 1
| #define HAVE_SYNCFS 1
| #define HAVE_SYS_SYNCFS 1
| #define USE_CRYPTOPP 1
| #define DEBUG_GATHER 1
| /* end confdefs.h.  */
| #include <fastcgi/fcgiapp.h>
configure:17573: result: no
configure:17573: checking for fastcgi/fcgiapp.h
configure:17573: result: no
configure:17628: checking for curl_multi_wait in -lcurl
configure:17653: gcc -o conftest -g -O2   conftest.c -lcurl   >&5
/tmp/cc5qnHWH.o: In function `main':
/root/Qemu_RBD/ceph-0.67/conftest.c:42: undefined reference to `curl_multi_wait'
collect2: ld returned 1 exit status
configure:17653: $? = 1
configure: failed program was:
| /* confdefs.h */
| #define PACKAGE_NAME "ceph"
| #define PACKAGE_TARNAME "ceph"
| #define PACKAGE_VERSION "0.67"
| #define PACKAGE_STRING "ceph 0.67"
| #define PACKAGE_BUGREPORT "ceph-devel@vger.kernel.org"
| #define PACKAGE_URL ""
| #define PACKAGE "ceph"
| #define VERSION "0.67"
| #define STDC_HEADERS 1
| #define HAVE_SYS_TYPES_H 1
| #define HAVE_SYS_STAT_H 1
| #define HAVE_STDLIB_H 1
| #define HAVE_STRING_H 1
| #define HAVE_MEMORY_H 1
| #define HAVE_STRINGS_H 1
| #define HAVE_INTTYPES_H 1
| #define HAVE_STDINT_H 1
| #define HAVE_UNISTD_H 1
| #define HAVE_DLFCN_H 1
| #define LT_OBJDIR ".libs/"
| #define PACKAGE "ceph"
| #define VERSION "0.67"
| #define HAVE_PTHREAD 1
| #define HAVE_SYNCFS 1
| #define HAVE_SYS_SYNCFS 1
| #define USE_CRYPTOPP 1
| #define DEBUG_GATHER 1
| #define WITH_RADOSGW 1
| /* end confdefs.h.  */
| 
| /* Override any GCC internal prototype to avoid an error.
|    Use char because int might match the return type of a GCC
|    builtin and then its argument prototype would still apply.  */
| #ifdef __cplusplus
| extern "C"
| #endif
| char curl_multi_wait ();
| int
| main ()
| {
| return curl_multi_wait ();
|   ;
|   return 0;
| }
configure:17662: result: no
configure:17768: checking for malloc in -ltcmalloc
configure:17793: gcc -o conftest -g -O2   conftest.c -ltcmalloc   >&5
conftest.c:38:6: warning: conflicting types for built-in function 'malloc' [enabled by default]
configure:17793: $? = 0
configure:17802: result: yes
configure:18708: checking jni.h usability
configure:18708: gcc -c -g -O2  conftest.c >&5
conftest.c:65:17: fatal error: jni.h: No such file or directory
compilation terminated.
configure:18708: $? = 1
configure: failed program was:
| /* confdefs.h */
| #define PACKAGE_NAME "ceph"
| #define PACKAGE_TARNAME "ceph"
| #define PACKAGE_VERSION "0.67"
| #define PACKAGE_STRING "ceph 0.67"
| #define PACKAGE_BUGREPORT "ceph-devel@vger.kernel.org"
| #define PACKAGE_URL ""
| #define PACKAGE "ceph"
| #define VERSION "0.67"
| #define STDC_HEADERS 1
| #define HAVE_SYS_TYPES_H 1
| #define HAVE_SYS_STAT_H 1
| #define HAVE_STDLIB_H 1
| #define HAVE_STRING_H 1
| #define HAVE_MEMORY_H 1
| #define HAVE_STRINGS_H 1
| #define HAVE_INTTYPES_H 1
| #define HAVE_STDINT_H 1
| #define HAVE_UNISTD_H 1
| #define HAVE_DLFCN_H 1
| #define LT_OBJDIR ".libs/"
| #define PACKAGE "ceph"
| #define VERSION "0.67"
| #define HAVE_PTHREAD 1
| #define HAVE_SYNCFS 1
| #define HAVE_SYS_SYNCFS 1
| #define USE_CRYPTOPP 1
| #define DEBUG_GATHER 1
| #define WITH_RADOSGW 1
| #define HAVE_LIBTCMALLOC 1
| /* end confdefs.h.  */
| #include <stdio.h>
| #ifdef HAVE_SYS_TYPES_H
| # include <sys/types.h>
| #endif
| #ifdef HAVE_SYS_STAT_H
| # include <sys/stat.h>
| #endif
| #ifdef STDC_HEADERS
| # include <stdlib.h>
| # include <stddef.h>
| #else
| # ifdef HAVE_STDLIB_H
| #  include <stdlib.h>
| # endif
| #endif
| #ifdef HAVE_STRING_H
| # if !defined STDC_HEADERS && defined HAVE_MEMORY_H
| #  include <memory.h>
| # endif
| # include <string.h>
| #endif
| #ifdef HAVE_STRINGS_H
| # include <strings.h>
| #endif
| #ifdef HAVE_INTTYPES_H
| # include <inttypes.h>
| #endif
| #ifdef HAVE_STDINT_H
| # include <stdint.h>
| #endif
| #ifdef HAVE_UNISTD_H
| # include <unistd.h>
| #endif
| #include <jni.h>
configure:18708: result: no
configure:18708: checking jni.h presence
configure:18708: gcc -E  conftest.c
conftest.c:32:17: fatal error: jni.h: No such file or directory
compilation terminated.
configure:18708: $? = 1
configure: failed program was:
| /* confdefs.h */
| #define PACKAGE_NAME "ceph"
| #define PACKAGE_TARNAME "ceph"
| #define PACKAGE_VERSION "0.67"
| #define PACKAGE_STRING "ceph 0.67"
| #define PACKAGE_BUGREPORT "ceph-devel@vger.kernel.org"
| #define PACKAGE_URL ""
| #define PACKAGE "ceph"
| #define VERSION "0.67"
| #define STDC_HEADERS 1
| #define HAVE_SYS_TYPES_H 1
| #define HAVE_SYS_STAT_H 1
| #define HAVE_STDLIB_H 1
| #define HAVE_STRING_H 1
| #define HAVE_MEMORY_H 1
| #define HAVE_STRINGS_H 1
| #define HAVE_INTTYPES_H 1
| #define HAVE_STDINT_H 1
| #define HAVE_UNISTD_H 1
| #define HAVE_DLFCN_H 1
| #define LT_OBJDIR ".libs/"
| #define PACKAGE "ceph"
| #define VERSION "0.67"
| #define HAVE_PTHREAD 1
| #define HAVE_SYNCFS 1
| #define HAVE_SYS_SYNCFS 1
| #define USE_CRYPTOPP 1
| #define DEBUG_GATHER 1
| #define WITH_RADOSGW 1
| #define HAVE_LIBTCMALLOC 1
| /* end confdefs.h.  */
| #include <jni.h>
configure:18708: result: no
configure:18708: checking for jni.h
configure:18708: result: no
configure:18738: checking for LIBEDIT
configure:18745: $PKG_CONFIG --exists --print-errors "libedit >= 2.11"
configure:18748: $? = 0
configure:18762: $PKG_CONFIG --exists --print-errors "libedit >= 2.11"
configure:18765: $? = 0
configure:18809: result: yes
configure:18827: checking atomic_ops.h usability
configure:18827: gcc -c -g -O2  conftest.c >&5
configure:18827: $? = 0
configure:18827: result: yes
configure:18827: checking atomic_ops.h presence
configure:18827: gcc -E  conftest.c
configure:18827: $? = 0
configure:18827: result: yes
configure:18827: checking for atomic_ops.h
configure:18827: result: yes
configure:18881: checking for snappy_compress in -lsnappy
configure:18906: gcc -o conftest -g -O2   conftest.c -lsnappy   >&5
configure:18906: $? = 0
configure:18915: result: yes
configure:18932: checking for leveldb_open in -lleveldb
configure:18957: gcc -o conftest -g -O2   conftest.c -lleveldb -lsnappy -lpthread -lsnappy  >&5
configure:18957: $? = 0
configure:18966: result: yes
configure:18990: checking leveldb/filter_policy.h usability
configure:18990: g++ -c -g -O2  conftest.cpp >&5
conftest.cpp:67:35: fatal error: leveldb/filter_policy.h: No such file or directory
compilation terminated.
configure:18990: $? = 1
configure: failed program was:
| /* confdefs.h */
| #define PACKAGE_NAME "ceph"
| #define PACKAGE_TARNAME "ceph"
| #define PACKAGE_VERSION "0.67"
| #define PACKAGE_STRING "ceph 0.67"
| #define PACKAGE_BUGREPORT "ceph-devel@vger.kernel.org"
| #define PACKAGE_URL ""
| #define PACKAGE "ceph"
| #define VERSION "0.67"
| #define STDC_HEADERS 1
| #define HAVE_SYS_TYPES_H 1
| #define HAVE_SYS_STAT_H 1
| #define HAVE_STDLIB_H 1
| #define HAVE_STRING_H 1
| #define HAVE_MEMORY_H 1
| #define HAVE_STRINGS_H 1
| #define HAVE_INTTYPES_H 1
| #define HAVE_STDINT_H 1
| #define HAVE_UNISTD_H 1
| #define HAVE_DLFCN_H 1
| #define LT_OBJDIR ".libs/"
| #define PACKAGE "ceph"
| #define VERSION "0.67"
| #define HAVE_PTHREAD 1
| #define HAVE_SYNCFS 1
| #define HAVE_SYS_SYNCFS 1
| #define USE_CRYPTOPP 1
| #define DEBUG_GATHER 1
| #define WITH_RADOSGW 1
| #define HAVE_LIBTCMALLOC 1
| #define HAVE_LIBSNAPPY 1
| #define HAVE_LIBLEVELDB 1
| /* end confdefs.h.  */
| #include <stdio.h>
| #ifdef HAVE_SYS_TYPES_H
| # include <sys/types.h>
| #endif
| #ifdef HAVE_SYS_STAT_H
| # include <sys/stat.h>
| #endif
| #ifdef STDC_HEADERS
| # include <stdlib.h>
| # include <stddef.h>
| #else
| # ifdef HAVE_STDLIB_H
| #  include <stdlib.h>
| # endif
| #endif
| #ifdef HAVE_STRING_H
| # if !defined STDC_HEADERS && defined HAVE_MEMORY_H
| #  include <memory.h>
| # endif
| # include <string.h>
| #endif
| #ifdef HAVE_STRINGS_H
| # include <strings.h>
| #endif
| #ifdef HAVE_INTTYPES_H
| # include <inttypes.h>
| #endif
| #ifdef HAVE_STDINT_H
| # include <stdint.h>
| #endif
| #ifdef HAVE_UNISTD_H
| # include <unistd.h>
| #endif
| #include <leveldb/filter_policy.h>
configure:18990: result: no
configure:18990: checking leveldb/filter_policy.h presence
configure:18990: g++ -E  conftest.cpp
conftest.cpp:34:35: fatal error: leveldb/filter_policy.h: No such file or directory
compilation terminated.
configure:18990: $? = 1
configure: failed program was:
| /* confdefs.h */
| #define PACKAGE_NAME "ceph"
| #define PACKAGE_TARNAME "ceph"
| #define PACKAGE_VERSION "0.67"
| #define PACKAGE_STRING "ceph 0.67"
| #define PACKAGE_BUGREPORT "ceph-devel@vger.kernel.org"
| #define PACKAGE_URL ""
| #define PACKAGE "ceph"
| #define VERSION "0.67"
| #define STDC_HEADERS 1
| #define HAVE_SYS_TYPES_H 1
| #define HAVE_SYS_STAT_H 1
| #define HAVE_STDLIB_H 1
| #define HAVE_STRING_H 1
| #define HAVE_MEMORY_H 1
| #define HAVE_STRINGS_H 1
| #define HAVE_INTTYPES_H 1
| #define HAVE_STDINT_H 1
| #define HAVE_UNISTD_H 1
| #define HAVE_DLFCN_H 1
| #define LT_OBJDIR ".libs/"
| #define PACKAGE "ceph"
| #define VERSION "0.67"
| #define HAVE_PTHREAD 1
| #define HAVE_SYNCFS 1
| #define HAVE_SYS_SYNCFS 1
| #define USE_CRYPTOPP 1
| #define DEBUG_GATHER 1
| #define WITH_RADOSGW 1
| #define HAVE_LIBTCMALLOC 1
| #define HAVE_LIBSNAPPY 1
| #define HAVE_LIBLEVELDB 1
| /* end confdefs.h.  */
| #include <leveldb/filter_policy.h>
configure:18990: result: no
configure:18990: checking for leveldb/filter_policy.h
configure:18990: result: no
configure:19230: checking for dirent.h that defines DIR
configure:19249: gcc -c -g -O2  conftest.c >&5
configure:19249: $? = 0
configure:19257: result: yes
configure:19270: checking for library containing opendir
configure:19301: gcc -o conftest -g -O2   conftest.c -lleveldb -lsnappy  >&5
configure:19301: $? = 0
configure:19318: result: none required
configure:19385: checking for ANSI C header files
configure:19489: result: yes
configure:19497: checking for sys/wait.h that is POSIX.1 compatible
configure:19523: gcc -c -g -O2  conftest.c >&5
configure:19523: $? = 0
configure:19530: result: yes
configure:19548: checking boost/spirit/include/classic_core.hpp usability
configure:19548: g++ -c -g -O2  conftest.cpp >&5
configure:19548: $? = 0
configure:19548: result: yes
configure:19548: checking boost/spirit/include/classic_core.hpp presence
configure:19548: g++ -E  conftest.cpp
configure:19548: $? = 0
configure:19548: result: yes
configure:19548: checking for boost/spirit/include/classic_core.hpp
configure:19548: result: yes
configure:19575: checking boost/random/discrete_distribution.hpp usability
configure:19575: g++ -c -g -O2  conftest.cpp >&5
conftest.cpp:70:50: fatal error: boost/random/discrete_distribution.hpp: No such file or directory
compilation terminated.
configure:19575: $? = 1
configure: failed program was:
| /* confdefs.h */
| #define PACKAGE_NAME "ceph"
| #define PACKAGE_TARNAME "ceph"
| #define PACKAGE_VERSION "0.67"
| #define PACKAGE_STRING "ceph 0.67"
| #define PACKAGE_BUGREPORT "ceph-devel@vger.kernel.org"
| #define PACKAGE_URL ""
| #define PACKAGE "ceph"
| #define VERSION "0.67"
| #define STDC_HEADERS 1
| #define HAVE_SYS_TYPES_H 1
| #define HAVE_SYS_STAT_H 1
| #define HAVE_STDLIB_H 1
| #define HAVE_STRING_H 1
| #define HAVE_MEMORY_H 1
| #define HAVE_STRINGS_H 1
| #define HAVE_INTTYPES_H 1
| #define HAVE_STDINT_H 1
| #define HAVE_UNISTD_H 1
| #define HAVE_DLFCN_H 1
| #define LT_OBJDIR ".libs/"
| #define PACKAGE "ceph"
| #define VERSION "0.67"
| #define HAVE_PTHREAD 1
| #define HAVE_SYNCFS 1
| #define HAVE_SYS_SYNCFS 1
| #define USE_CRYPTOPP 1
| #define DEBUG_GATHER 1
| #define WITH_RADOSGW 1
| #define HAVE_LIBTCMALLOC 1
| #define HAVE_LIBSNAPPY 1
| #define HAVE_LIBLEVELDB 1
| #define HAVE_DIRENT_H 1
| #define STDC_HEADERS 1
| #define HAVE_SYS_WAIT_H 1
| /* end confdefs.h.  */
| #include <stdio.h>
| #ifdef HAVE_SYS_TYPES_H
| # include <sys/types.h>
| #endif
| #ifdef HAVE_SYS_STAT_H
| # include <sys/stat.h>
| #endif
| #ifdef STDC_HEADERS
| # include <stdlib.h>
| # include <stddef.h>
| #else
| # ifdef HAVE_STDLIB_H
| #  include <stdlib.h>
| # endif
| #endif
| #ifdef HAVE_STRING_H
| # if !defined STDC_HEADERS && defined HAVE_MEMORY_H
| #  include <memory.h>
| # endif
| # include <string.h>
| #endif
| #ifdef HAVE_STRINGS_H
| # include <strings.h>
| #endif
| #ifdef HAVE_INTTYPES_H
| # include <inttypes.h>
| #endif
| #ifdef HAVE_STDINT_H
| # include <stdint.h>
| #endif
| #ifdef HAVE_UNISTD_H
| # include <unistd.h>
| #endif
| #include <boost/random/discrete_distribution.hpp>
configure:19575: result: no
configure:19575: checking boost/random/discrete_distribution.hpp presence
configure:19575: g++ -E  conftest.cpp
conftest.cpp:37:50: fatal error: boost/random/discrete_distribution.hpp: No such file or directory
compilation terminated.
configure:19575: $? = 1
configure: failed program was:
| /* confdefs.h */
| #define PACKAGE_NAME "ceph"
| #define PACKAGE_TARNAME "ceph"
| #define PACKAGE_VERSION "0.67"
| #define PACKAGE_STRING "ceph 0.67"
| #define PACKAGE_BUGREPORT "ceph-devel@vger.kernel.org"
| #define PACKAGE_URL ""
| #define PACKAGE "ceph"
| #define VERSION "0.67"
| #define STDC_HEADERS 1
| #define HAVE_SYS_TYPES_H 1
| #define HAVE_SYS_STAT_H 1
| #define HAVE_STDLIB_H 1
| #define HAVE_STRING_H 1
| #define HAVE_MEMORY_H 1
| #define HAVE_STRINGS_H 1
| #define HAVE_INTTYPES_H 1
| #define HAVE_STDINT_H 1
| #define HAVE_UNISTD_H 1
| #define HAVE_DLFCN_H 1
| #define LT_OBJDIR ".libs/"
| #define PACKAGE "ceph"
| #define VERSION "0.67"
| #define HAVE_PTHREAD 1
| #define HAVE_SYNCFS 1
| #define HAVE_SYS_SYNCFS 1
| #define USE_CRYPTOPP 1
| #define DEBUG_GATHER 1
| #define WITH_RADOSGW 1
| #define HAVE_LIBTCMALLOC 1
| #define HAVE_LIBSNAPPY 1
| #define HAVE_LIBLEVELDB 1
| #define HAVE_DIRENT_H 1
| #define STDC_HEADERS 1
| #define HAVE_SYS_WAIT_H 1
| /* end confdefs.h.  */
| #include <boost/random/discrete_distribution.hpp>
configure:19575: result: no
configure:19575: checking for boost/random/discrete_distribution.hpp
configure:19575: result: no
configure:19584: checking boost/statechart/state.hpp usability
configure:19584: g++ -c -g -O2  conftest.cpp >&5
configure:19584: $? = 0
configure:19584: result: yes
configure:19584: checking boost/statechart/state.hpp presence
configure:19584: g++ -E  conftest.cpp
configure:19584: $? = 0
configure:19584: result: yes
configure:19584: checking for boost/statechart/state.hpp
configure:19584: result: yes
configure:19595: checking boost/program_options/option.hpp usability
configure:19595: g++ -c -g -O2  conftest.cpp >&5
configure:19595: $? = 0
configure:19595: result: yes
configure:19595: checking boost/program_options/option.hpp presence
configure:19595: g++ -E  conftest.cpp
configure:19595: $? = 0
configure:19595: result: yes
configure:19595: checking for boost/program_options/option.hpp
configure:19595: result: yes
configure:19609: checking for main in -lboost_system-mt
configure:19628: g++ -o conftest -g -O2   conftest.cpp -lboost_system-mt  -lleveldb -lsnappy  >&5
/usr/bin/ld: cannot find -lboost_system-mt
collect2: ld returned 1 exit status
configure:19628: $? = 1
configure: failed program was:
| /* confdefs.h */
| #define PACKAGE_NAME "ceph"
| #define PACKAGE_TARNAME "ceph"
| #define PACKAGE_VERSION "0.67"
| #define PACKAGE_STRING "ceph 0.67"
| #define PACKAGE_BUGREPORT "ceph-devel@vger.kernel.org"
| #define PACKAGE_URL ""
| #define PACKAGE "ceph"
| #define VERSION "0.67"
| #define STDC_HEADERS 1
| #define HAVE_SYS_TYPES_H 1
| #define HAVE_SYS_STAT_H 1
| #define HAVE_STDLIB_H 1
| #define HAVE_STRING_H 1
| #define HAVE_MEMORY_H 1
| #define HAVE_STRINGS_H 1
| #define HAVE_INTTYPES_H 1
| #define HAVE_STDINT_H 1
| #define HAVE_UNISTD_H 1
| #define HAVE_DLFCN_H 1
| #define LT_OBJDIR ".libs/"
| #define PACKAGE "ceph"
| #define VERSION "0.67"
| #define HAVE_PTHREAD 1
| #define HAVE_SYNCFS 1
| #define HAVE_SYS_SYNCFS 1
| #define USE_CRYPTOPP 1
| #define DEBUG_GATHER 1
| #define WITH_RADOSGW 1
| #define HAVE_LIBTCMALLOC 1
| #define HAVE_LIBSNAPPY 1
| #define HAVE_LIBLEVELDB 1
| #define HAVE_DIRENT_H 1
| #define STDC_HEADERS 1
| #define HAVE_SYS_WAIT_H 1
| /* end confdefs.h.  */
| 
| 
| int
| main ()
| {
| return main ();
|   ;
|   return 0;
| }
configure:19637: result: no
configure:19647: checking for main in -lboost_system
configure:19666: g++ -o conftest -g -O2   conftest.cpp -lboost_system  -lleveldb -lsnappy  >&5
/usr/bin/ld: cannot find -lboost_system
collect2: ld returned 1 exit status
configure:19666: $? = 1
configure: failed program was:
| /* confdefs.h */
| #define PACKAGE_NAME "ceph"
| #define PACKAGE_TARNAME "ceph"
| #define PACKAGE_VERSION "0.67"
| #define PACKAGE_STRING "ceph 0.67"
| #define PACKAGE_BUGREPORT "ceph-devel@vger.kernel.org"
| #define PACKAGE_URL ""
| #define PACKAGE "ceph"
| #define VERSION "0.67"
| #define STDC_HEADERS 1
| #define HAVE_SYS_TYPES_H 1
| #define HAVE_SYS_STAT_H 1
| #define HAVE_STDLIB_H 1
| #define HAVE_STRING_H 1
| #define HAVE_MEMORY_H 1
| #define HAVE_STRINGS_H 1
| #define HAVE_INTTYPES_H 1
| #define HAVE_STDINT_H 1
| #define HAVE_UNISTD_H 1
| #define HAVE_DLFCN_H 1
| #define LT_OBJDIR ".libs/"
| #define PACKAGE "ceph"
| #define VERSION "0.67"
| #define HAVE_PTHREAD 1
| #define HAVE_SYNCFS 1
| #define HAVE_SYS_SYNCFS 1
| #define USE_CRYPTOPP 1
| #define DEBUG_GATHER 1
| #define WITH_RADOSGW 1
| #define HAVE_LIBTCMALLOC 1
| #define HAVE_LIBSNAPPY 1
| #define HAVE_LIBLEVELDB 1
| #define HAVE_DIRENT_H 1
| #define STDC_HEADERS 1
| #define HAVE_SYS_WAIT_H 1
| /* end confdefs.h.  */
| 
| 
| int
| main ()
| {
| return main ();
|   ;
|   return 0;
| }
configure:19675: result: no
configure:19685: "Boost system library not found."
configure:19693: checking for main in -lboost_thread-mt
configure:19712: g++ -o conftest -g -O2   conftest.cpp -lboost_thread-mt  -lleveldb -lsnappy  >&5
configure:19712: $? = 0
configure:19721: result: yes
configure:19785: checking for struct fiemap_extent.fe_logical
configure:19785: gcc -c -g -O2  conftest.c >&5
configure:19785: $? = 0
configure:19785: result: yes
configure:19800: checking sys/xattr.h usability
configure:19800: gcc -c -g -O2  conftest.c >&5
configure:19800: $? = 0
configure:19800: result: yes
configure:19800: checking sys/xattr.h presence
configure:19800: gcc -E  conftest.c
configure:19800: $? = 0
configure:19800: result: yes
configure:19800: checking for sys/xattr.h
configure:19800: result: yes
configure:19800: checking arpa/inet.h usability
configure:19800: gcc -c -g -O2  conftest.c >&5
configure:19800: $? = 0
configure:19800: result: yes
configure:19800: checking arpa/inet.h presence
configure:19800: gcc -E  conftest.c
configure:19800: $? = 0
configure:19800: result: yes
configure:19800: checking for arpa/inet.h
configure:19800: result: yes
configure:19800: checking netdb.h usability
configure:19800: gcc -c -g -O2  conftest.c >&5
configure:19800: $? = 0
configure:19800: result: yes
configure:19800: checking netdb.h presence
configure:19800: gcc -E  conftest.c
configure:19800: $? = 0
configure:19800: result: yes
configure:19800: checking for netdb.h
configure:19800: result: yes
configure:19800: checking netinet/in.h usability
configure:19800: gcc -c -g -O2  conftest.c >&5
configure:19800: $? = 0
configure:19800: result: yes
configure:19800: checking netinet/in.h presence
configure:19800: gcc -E  conftest.c
configure:19800: $? = 0
configure:19800: result: yes
configure:19800: checking for netinet/in.h
configure:19800: result: yes
configure:19800: checking sys/file.h usability
configure:19800: gcc -c -g -O2  conftest.c >&5
configure:19800: $? = 0
configure:19800: result: yes
configure:19800: checking sys/file.h presence
configure:19800: gcc -E  conftest.c
configure:19800: $? = 0
configure:19800: result: yes
configure:19800: checking for sys/file.h
configure:19800: result: yes
configure:19800: checking sys/ioctl.h usability
configure:19800: gcc -c -g -O2  conftest.c >&5
configure:19800: $? = 0
configure:19800: result: yes
configure:19800: checking sys/ioctl.h presence
configure:19800: gcc -E  conftest.c
configure:19800: $? = 0
configure:19800: result: yes
configure:19800: checking for sys/ioctl.h
configure:19800: result: yes
configure:19800: checking sys/mount.h usability
configure:19800: gcc -c -g -O2  conftest.c >&5
configure:19800: $? = 0
configure:19800: result: yes
configure:19800: checking sys/mount.h presence
configure:19800: gcc -E  conftest.c
configure:19800: $? = 0
configure:19800: result: yes
configure:19800: checking for sys/mount.h
configure:19800: result: yes
configure:19800: checking sys/param.h usability
configure:19800: gcc -c -g -O2  conftest.c >&5
configure:19800: $? = 0
configure:19800: result: yes
configure:19800: checking sys/param.h presence
configure:19800: gcc -E  conftest.c
configure:19800: $? = 0
configure:19800: result: yes
configure:19800: checking for sys/param.h
configure:19800: result: yes
configure:19800: checking sys/socket.h usability
configure:19800: gcc -c -g -O2  conftest.c >&5
configure:19800: $? = 0
configure:19800: result: yes
configure:19800: checking sys/socket.h presence
configure:19800: gcc -E  conftest.c
configure:19800: $? = 0
configure:19800: result: yes
configure:19800: checking for sys/socket.h
configure:19800: result: yes
configure:19800: checking sys/statvfs.h usability
configure:19800: gcc -c -g -O2  conftest.c >&5
configure:19800: $? = 0
configure:19800: result: yes
configure:19800: checking sys/statvfs.h presence
configure:19800: gcc -E  conftest.c
configure:19800: $? = 0
configure:19800: result: yes
configure:19800: checking for sys/statvfs.h
configure:19800: result: yes
configure:19800: checking sys/time.h usability
configure:19800: gcc -c -g -O2  conftest.c >&5
configure:19800: $? = 0
configure:19800: result: yes
configure:19800: checking sys/time.h presence
configure:19800: gcc -E  conftest.c
configure:19800: $? = 0
configure:19800: result: yes
configure:19800: checking for sys/time.h
configure:19800: result: yes
configure:19800: checking sys/vfs.h usability
configure:19800: gcc -c -g -O2  conftest.c >&5
configure:19800: $? = 0
configure:19800: result: yes
configure:19800: checking sys/vfs.h presence
configure:19800: gcc -E  conftest.c
configure:19800: $? = 0
configure:19800: result: yes
configure:19800: checking for sys/vfs.h
configure:19800: result: yes
configure:19800: checking syslog.h usability
configure:19800: gcc -c -g -O2  conftest.c >&5
configure:19800: $? = 0
configure:19800: result: yes
configure:19800: checking syslog.h presence
configure:19800: gcc -E  conftest.c
configure:19800: $? = 0
configure:19800: result: yes
configure:19800: checking for syslog.h
configure:19800: result: yes
configure:19800: checking utime.h usability
configure:19800: gcc -c -g -O2  conftest.c >&5
configure:19800: $? = 0
configure:19800: result: yes
configure:19800: checking utime.h presence
configure:19800: gcc -E  conftest.c
configure:19800: $? = 0
configure:19800: result: yes
configure:19800: checking for utime.h
configure:19800: result: yes
configure:19812: checking for sync_file_range
configure:19812: gcc -o conftest -g -O2   conftest.c -lboost_thread-mt -lleveldb -lsnappy  >&5
configure:19812: $? = 0
configure:19812: result: yes
configure:19821: checking for fallocate
configure:19821: gcc -o conftest -g -O2   conftest.c -lboost_thread-mt -lleveldb -lsnappy  >&5
configure:19821: $? = 0
configure:19821: result: yes
configure:19914: checking for a Python interpreter with version >= 2.4
configure:19931: python -c import sys # split strings by '.' and convert to numeric. Append some zeros # because we need at least 4 digits for the hex conversion. # map returns an iterator in Python 3.0 and a list in 2.x minver = list(map(int, '2.4'.split('.'))) + [0, 0, 0] minverhex = 0 # xrange is not present in Python 3.0 and range returns an iterator for i in list(range(0, 4)): minverhex = (minverhex << 8) + minver[i] sys.exit(sys.hexversion < minverhex)
configure:19934: $? = 0
configure:19940: result: python
configure:19948: checking for python
configure:19966: found /usr/bin/python
configure:19978: result: /usr/bin/python
configure:19999: checking for python version
configure:20006: result: 2.7
configure:20018: checking for python platform
configure:20025: result: linux2
configure:20032: checking for python script directory
configure:20060: result: ${prefix}/lib/python2.7/dist-packages
configure:20069: checking for python extension module directory
configure:20097: result: ${exec_prefix}/lib/python2.7/dist-packages
configure:20337: creating ./config.status

## ---------------- ##
## Cache variables. ##
## ---------------- ##

ac_cv_build=x86_64-unknown-linux-gnu
ac_cv_c_compiler_gnu=yes
ac_cv_cxx_compiler_gnu=yes
ac_cv_env_CCC_set=
ac_cv_env_CCC_value=
ac_cv_env_CC_set=
ac_cv_env_CC_value=
ac_cv_env_CFLAGS_set=
ac_cv_env_CFLAGS_value=
ac_cv_env_CPPFLAGS_set=
ac_cv_env_CPPFLAGS_value=
ac_cv_env_CPP_set=
ac_cv_env_CPP_value=
ac_cv_env_CRYPTOPP_CFLAGS_set=
ac_cv_env_CRYPTOPP_CFLAGS_value=
ac_cv_env_CRYPTOPP_LIBS_set=
ac_cv_env_CRYPTOPP_LIBS_value=
ac_cv_env_CXXCPP_set=
ac_cv_env_CXXCPP_value=
ac_cv_env_CXXFLAGS_set=
ac_cv_env_CXXFLAGS_value=
ac_cv_env_CXX_set=
ac_cv_env_CXX_value=
ac_cv_env_LDFLAGS_set=
ac_cv_env_LDFLAGS_value=
ac_cv_env_LIBEDIT_CFLAGS_set=
ac_cv_env_LIBEDIT_CFLAGS_value=
ac_cv_env_LIBEDIT_LIBS_set=
ac_cv_env_LIBEDIT_LIBS_value=
ac_cv_env_LIBS_set=
ac_cv_env_LIBS_value=
ac_cv_env_NSS_CFLAGS_set=
ac_cv_env_NSS_CFLAGS_value=
ac_cv_env_NSS_LIBS_set=
ac_cv_env_NSS_LIBS_value=
ac_cv_env_PKG_CONFIG_LIBDIR_set=
ac_cv_env_PKG_CONFIG_LIBDIR_value=
ac_cv_env_PKG_CONFIG_PATH_set=
ac_cv_env_PKG_CONFIG_PATH_value=
ac_cv_env_PKG_CONFIG_set=
ac_cv_env_PKG_CONFIG_value=
ac_cv_env_PYTHON_set=
ac_cv_env_PYTHON_value=
ac_cv_env_build_alias_set=
ac_cv_env_build_alias_value=
ac_cv_env_host_alias_set=
ac_cv_env_host_alias_value=
ac_cv_env_target_alias_set=
ac_cv_env_target_alias_value=
ac_cv_func_fallocate=yes
ac_cv_func_sync_file_range=yes
ac_cv_func_syncfs=yes
ac_cv_header_arpa_inet_h=yes
ac_cv_header_atomic_ops_h=yes
ac_cv_header_boost_program_options_option_hpp=yes
ac_cv_header_boost_random_discrete_distribution_hpp=no
ac_cv_header_boost_spirit_include_classic_core_hpp=yes
ac_cv_header_boost_statechart_state_hpp=yes
ac_cv_header_dirent_dirent_h=yes
ac_cv_header_dlfcn_h=yes
ac_cv_header_fastcgi_fcgiapp_h=no
ac_cv_header_inttypes_h=yes
ac_cv_header_jni_h=no
ac_cv_header_leveldb_filter_policy_h=no
ac_cv_header_memory_h=yes
ac_cv_header_netdb_h=yes
ac_cv_header_netinet_in_h=yes
ac_cv_header_stdc=yes
ac_cv_header_stdint_h=yes
ac_cv_header_stdlib_h=yes
ac_cv_header_string_h=yes
ac_cv_header_strings_h=yes
ac_cv_header_sys_file_h=yes
ac_cv_header_sys_ioctl_h=yes
ac_cv_header_sys_mount_h=yes
ac_cv_header_sys_param_h=yes
ac_cv_header_sys_socket_h=yes
ac_cv_header_sys_stat_h=yes
ac_cv_header_sys_statvfs_h=yes
ac_cv_header_sys_time_h=yes
ac_cv_header_sys_types_h=yes
ac_cv_header_sys_vfs_h=yes
ac_cv_header_sys_wait_h=yes
ac_cv_header_sys_xattr_h=yes
ac_cv_header_syslog_h=yes
ac_cv_header_unistd_h=yes
ac_cv_header_utime_h=yes
ac_cv_host=x86_64-unknown-linux-gnu
ac_cv_lib_boost_system_main=no
ac_cv_lib_boost_system_mt_main=no
ac_cv_lib_boost_thread_mt_main=yes
ac_cv_lib_curl_curl_easy_init=yes
ac_cv_lib_curl_curl_multi_wait=no
ac_cv_lib_expat_XML_Parse=yes
ac_cv_lib_fcgi_FCGX_Init=yes
ac_cv_lib_keyutils_add_key=yes
ac_cv_lib_leveldb_leveldb_open=yes
ac_cv_lib_m_pow=yes
ac_cv_lib_resolv___res_nquery=yes
ac_cv_lib_snappy_snappy_compress=yes
ac_cv_lib_tcmalloc_malloc=yes
ac_cv_lib_uuid_uuid_parse=yes
ac_cv_member_struct_fiemap_extent_fe_logical=yes
ac_cv_objext=o
ac_cv_path_EGREP='/bin/grep -E'
ac_cv_path_FGREP='/bin/grep -F'
ac_cv_path_GREP=/bin/grep
ac_cv_path_PYTHON=/usr/bin/python
ac_cv_path_SED=/bin/sed
ac_cv_path_ac_pt_PKG_CONFIG=/usr/bin/pkg-config
ac_cv_path_install='/usr/bin/install -c'
ac_cv_path_mkdir=/bin/mkdir
ac_cv_prog_AWK=gawk
ac_cv_prog_CPP='gcc -E'
ac_cv_prog_CXXCPP='g++ -E'
ac_cv_prog_ac_ct_AR=ar
ac_cv_prog_ac_ct_CC=gcc
ac_cv_prog_ac_ct_CXX=g++
ac_cv_prog_ac_ct_MANIFEST_TOOL=mt
ac_cv_prog_ac_ct_OBJDUMP=objdump
ac_cv_prog_ac_ct_RANLIB=ranlib
ac_cv_prog_ac_ct_STRIP=strip
ac_cv_prog_cc_c89=
ac_cv_prog_cc_g=yes
ac_cv_prog_cc_gcc_c_o=yes
ac_cv_prog_cxx_g=yes
ac_cv_prog_make_make_set=yes
ac_cv_search_opendir='none required'
ac_cv_target=x86_64-unknown-linux-gnu
am_cv_CC_dependencies_compiler_type=gcc3
am_cv_CXX_dependencies_compiler_type=gcc3
am_cv_make_support_nested_variables=yes
am_cv_pathless_PYTHON=python
am_cv_python_platform=linux2
am_cv_python_pyexecdir='${exec_prefix}/lib/python2.7/dist-packages'
am_cv_python_pythondir='${prefix}/lib/python2.7/dist-packages'
am_cv_python_version=2.7
lt_cv_ar_at_file=@
lt_cv_archive_cmds_need_lc=no
lt_cv_deplibs_check_method=pass_all
lt_cv_file_magic_cmd='$MAGIC_CMD'
lt_cv_file_magic_test_file=
lt_cv_ld_reload_flag=-r
lt_cv_nm_interface='BSD nm'
lt_cv_objdir=.libs
lt_cv_path_LD=/usr/bin/ld
lt_cv_path_LDCXX='/usr/bin/ld -m elf_x86_64'
lt_cv_path_NM='/usr/bin/nm -B'
lt_cv_path_mainfest_tool=no
lt_cv_prog_compiler_c_o=yes
lt_cv_prog_compiler_c_o_CXX=yes
lt_cv_prog_compiler_pic='-fPIC -DPIC'
lt_cv_prog_compiler_pic_CXX='-fPIC -DPIC'
lt_cv_prog_compiler_pic_works=yes
lt_cv_prog_compiler_pic_works_CXX=yes
lt_cv_prog_compiler_rtti_exceptions=no
lt_cv_prog_compiler_static_works=yes
lt_cv_prog_compiler_static_works_CXX=yes
lt_cv_prog_gnu_ld=yes
lt_cv_prog_gnu_ldcxx=yes
lt_cv_sharedlib_from_linklib_cmd='printf %s\n'
lt_cv_shlibpath_overrides_runpath=no
lt_cv_sys_global_symbol_pipe='sed -n -e '\''s/^.*[	 ]\([ABCDGIRSTW][ABCDGIRSTW]*\)[	 ][	 ]*\([_A-Za-z][_A-Za-z0-9]*\)$/\1 \2 \2/p'\'' | sed '\''/ __gnu_lto/d'\'''
lt_cv_sys_global_symbol_to_c_name_address='sed -n -e '\''s/^: \([^ ]*\)[ ]*$/  {\"\1\", (void *) 0},/p'\'' -e '\''s/^[ABCDGIRSTW]* \([^ ]*\) \([^ ]*\)$/  {"\2", (void *) \&\2},/p'\'''
lt_cv_sys_global_symbol_to_c_name_address_lib_prefix='sed -n -e '\''s/^: \([^ ]*\)[ ]*$/  {\"\1\", (void *) 0},/p'\'' -e '\''s/^[ABCDGIRSTW]* \([^ ]*\) \(lib[^ ]*\)$/  {"\2", (void *) \&\2},/p'\'' -e '\''s/^[ABCDGIRSTW]* \([^ ]*\) \([^ ]*\)$/  {"lib\2", (void *) \&\2},/p'\'''
lt_cv_sys_global_symbol_to_cdecl='sed -n -e '\''s/^T .* \(.*\)$/extern int \1();/p'\'' -e '\''s/^[ABCDGIRSTW]* .* \(.*\)$/extern char \1;/p'\'''
lt_cv_sys_max_cmd_len=3458764513820540925
lt_cv_to_host_file_cmd=func_convert_file_noop
lt_cv_to_tool_file_cmd=func_convert_file_noop
pkg_cv_CRYPTOPP_CFLAGS=' '
pkg_cv_CRYPTOPP_LIBS='-lcrypto++  '
pkg_cv_LIBEDIT_CFLAGS=' '
pkg_cv_LIBEDIT_LIBS='-ledit  '

## ----------------- ##
## Output variables. ##
## ----------------- ##

ACLOCAL='${SHELL} /root/Qemu_RBD/ceph-0.67/missing --run aclocal-1.11'
AMDEPBACKSLASH='\'
AMDEP_FALSE='#'
AMDEP_TRUE=''
AMTAR='$${TAR-tar}'
AM_BACKSLASH='\'
AM_CXXFLAGS=' '
AM_DEFAULT_V='$(AM_DEFAULT_VERBOSITY)'
AM_DEFAULT_VERBOSITY='0'
AM_V='$(V)'
AR='ar'
AUTOCONF='${SHELL} /root/Qemu_RBD/ceph-0.67/missing --run autoconf'
AUTOHEADER='${SHELL} /root/Qemu_RBD/ceph-0.67/missing --run autoheader'
AUTOMAKE='${SHELL} /root/Qemu_RBD/ceph-0.67/missing --run automake-1.11'
AWK='gawk'
CC='gcc'
CCDEPMODE='depmode=gcc3'
CFLAGS='-g -O2'
CPP='gcc -E'
CPPFLAGS=''
CRYPTOPP_CFLAGS=' '
CRYPTOPP_LIBS='-lcrypto++  '
CRYPTO_CFLAGS=' '
CRYPTO_LIBS='-lcrypto++  '
CXX='g++'
CXXCPP='g++ -E'
CXXDEPMODE='depmode=gcc3'
CXXFLAGS='-g -O2'
CYGPATH_W='echo'
DEFS='-DHAVE_CONFIG_H'
DEPDIR='.deps'
DLLTOOL='false'
DSYMUTIL=''
DUMPBIN=''
ECHO_C=''
ECHO_N='-n'
ECHO_T=''
EGREP='/bin/grep -E'
ENABLE_CEPHFS_JAVA_FALSE=''
ENABLE_CEPHFS_JAVA_TRUE='#'
ENABLE_COVERAGE_FALSE=''
ENABLE_COVERAGE_TRUE='#'
EXEEXT=''
EXTRA_CLASSPATH_JAR=''
FGREP='/bin/grep -F'
FREEBSD_FALSE=''
FREEBSD_TRUE='#'
GCOV_PREFIX_STRIP='4'
GIT_CHECK=''
GREP='/bin/grep'
HAVE_JUNIT4_FALSE=''
HAVE_JUNIT4_TRUE='#'
INSTALL_DATA='${INSTALL} -m 644'
INSTALL_PROGRAM='${INSTALL}'
INSTALL_SCRIPT='${INSTALL}'
INSTALL_STRIP_PROGRAM='$(install_sh) -c -s'
JAR=''
JAVA=''
JAVAC=''
JAVAH=''
JDK_CPPFLAGS=''
LD='/usr/bin/ld -m elf_x86_64'
LDFLAGS=''
LIBEDIT_CFLAGS=' '
LIBEDIT_LIBS='-ledit  '
LIBFUSE=''
LIBOBJS=''
LIBS='-lboost_thread-mt -lleveldb -lsnappy '
LIBTCMALLOC='-ltcmalloc'
LIBTOOL='$(SHELL) $(top_builddir)/libtool'
LINUX_FALSE='#'
LINUX_TRUE=''
LIPO=''
LN_S='ln -s'
LTLIBOBJS=''
MAKEINFO='${SHELL} /root/Qemu_RBD/ceph-0.67/missing --run makeinfo'
MANIFEST_TOOL=':'
MKDIR_P='/bin/mkdir -p'
NM='/usr/bin/nm -B'
NMEDIT=''
NSS_CFLAGS=''
NSS_LIBS=''
OBJDUMP='objdump'
OBJEXT='o'
OTOOL64=''
OTOOL=''
PACKAGE='ceph'
PACKAGE_BUGREPORT='ceph-devel@vger.kernel.org'
PACKAGE_NAME='ceph'
PACKAGE_STRING='ceph 0.67'
PACKAGE_TARNAME='ceph'
PACKAGE_URL=''
PACKAGE_VERSION='0.67'
PATH_SEPARATOR=':'
PKG_CONFIG='/usr/bin/pkg-config'
PKG_CONFIG_LIBDIR=''
PKG_CONFIG_PATH=''
PTHREAD_CC='gcc'
PTHREAD_CFLAGS='-pthread'
PTHREAD_LIBS=' -lpthread'
PYTHON='/usr/bin/python'
PYTHON_EXEC_PREFIX='${exec_prefix}'
PYTHON_PLATFORM='linux2'
PYTHON_PREFIX='${prefix}'
PYTHON_VERSION='2.7'
RANLIB='ranlib'
RPM_RELEASE='0'
SED='/bin/sed'
SET_MAKE=''
SHELL='/bin/bash'
STRIP='strip'
USE_BOOST_SPIRIT_OLD_HDR_FALSE=''
USE_BOOST_SPIRIT_OLD_HDR_TRUE='#'
VERSION='0.67'
WARN_IGNORED_QUALIFIERS='-Wignored-qualifiers'
WARN_TYPE_LIMITS='-Wtype-limits'
WITH_BUILD_TESTS_FALSE=''
WITH_BUILD_TESTS_TRUE='#'
WITH_DEBUG_FALSE=''
WITH_DEBUG_TRUE='#'
WITH_FUSE_FALSE=''
WITH_FUSE_TRUE='#'
WITH_HADOOPCLIENT_FALSE=''
WITH_HADOOPCLIENT_TRUE='#'
WITH_LIBAIO_FALSE=''
WITH_LIBAIO_TRUE='#'
WITH_LIBATOMIC_FALSE='#'
WITH_LIBATOMIC_TRUE=''
WITH_OCF_FALSE=''
WITH_OCF_TRUE='#'
WITH_PROFILER_FALSE=''
WITH_PROFILER_TRUE='#'
WITH_RADOSGW_FALSE='#'
WITH_RADOSGW_TRUE=''
WITH_REST_BENCH_FALSE=''
WITH_REST_BENCH_TRUE='#'
WITH_SYSTEM_LIBS3_FALSE=''
WITH_SYSTEM_LIBS3_TRUE='#'
WITH_TCMALLOC_FALSE='#'
WITH_TCMALLOC_TRUE=''
ac_ct_AR='ar'
ac_ct_CC='gcc'
ac_ct_CXX='g++'
ac_ct_DUMPBIN=''
acx_pthread_config=''
am__EXEEXT_FALSE=''
am__EXEEXT_TRUE='#'
am__fastdepCC_FALSE='#'
am__fastdepCC_TRUE=''
am__fastdepCXX_FALSE='#'
am__fastdepCXX_TRUE=''
am__include='include'
am__isrc=''
am__leading_dot='.'
am__nodep='_no'
am__quote=''
am__tar='$${TAR-tar} chof - "$$tardir"'
am__untar='$${TAR-tar} xf -'
bindir='${exec_prefix}/bin'
build='x86_64-unknown-linux-gnu'
build_alias=''
build_cpu='x86_64'
build_os='linux-gnu'
build_vendor='unknown'
datadir='${datarootdir}'
datarootdir='${prefix}/share'
docdir='${datarootdir}/doc/${PACKAGE_TARNAME}'
dvidir='${docdir}'
exec_prefix='${prefix}'
host='x86_64-unknown-linux-gnu'
host_alias=''
host_cpu='x86_64'
host_os='linux-gnu'
host_vendor='unknown'
htmldir='${docdir}'
includedir='${prefix}/include'
infodir='${datarootdir}/info'
install_sh='${SHELL} /root/Qemu_RBD/ceph-0.67/install-sh'
libdir='${exec_prefix}/lib'
libexecdir='${exec_prefix}/libexec'
localedir='${datarootdir}/locale'
localstatedir='${prefix}/var'
mandir='${datarootdir}/man'
mkdir_p='/bin/mkdir -p'
oldincludedir='/usr/include'
pdfdir='${docdir}'
pkgpyexecdir='${pyexecdir}/ceph'
pkgpythondir='${pythondir}/ceph'
prefix='/usr/local'
program_transform_name='s,x,x,'
psdir='${docdir}'
pyexecdir='${exec_prefix}/lib/python2.7/dist-packages'
pythondir='${prefix}/lib/python2.7/dist-packages'
sbindir='${exec_prefix}/sbin'
sharedstatedir='${prefix}/com'
subdirs=' src/gtest'
sysconfdir='${prefix}/etc'
target='x86_64-unknown-linux-gnu'
target_alias=''
target_cpu='x86_64'
target_os='linux-gnu'
target_vendor='unknown'
uudecode=''

## ----------- ##
## confdefs.h. ##
## ----------- ##

/* confdefs.h */
#define PACKAGE_NAME "ceph"
#define PACKAGE_TARNAME "ceph"
#define PACKAGE_VERSION "0.67"
#define PACKAGE_STRING "ceph 0.67"
#define PACKAGE_BUGREPORT "ceph-devel@vger.kernel.org"
#define PACKAGE_URL ""
#define PACKAGE "ceph"
#define VERSION "0.67"
#define STDC_HEADERS 1
#define HAVE_SYS_TYPES_H 1
#define HAVE_SYS_STAT_H 1
#define HAVE_STDLIB_H 1
#define HAVE_STRING_H 1
#define HAVE_MEMORY_H 1
#define HAVE_STRINGS_H 1
#define HAVE_INTTYPES_H 1
#define HAVE_STDINT_H 1
#define HAVE_UNISTD_H 1
#define HAVE_DLFCN_H 1
#define LT_OBJDIR ".libs/"
#define PACKAGE "ceph"
#define VERSION "0.67"
#define HAVE_PTHREAD 1
#define HAVE_SYNCFS 1
#define HAVE_SYS_SYNCFS 1
#define USE_CRYPTOPP 1
#define DEBUG_GATHER 1
#define WITH_RADOSGW 1
#define HAVE_LIBTCMALLOC 1
#define HAVE_LIBSNAPPY 1
#define HAVE_LIBLEVELDB 1
#define HAVE_DIRENT_H 1
#define STDC_HEADERS 1
#define HAVE_SYS_WAIT_H 1
#define HAVE_LIBBOOST_THREAD_MT 1
#define HAVE_FIEMAP_H /**/
#define HAVE_SYS_XATTR_H 1
#define HAVE_ARPA_INET_H 1
#define HAVE_NETDB_H 1
#define HAVE_NETINET_IN_H 1
#define HAVE_SYS_FILE_H 1
#define HAVE_SYS_IOCTL_H 1
#define HAVE_SYS_MOUNT_H 1
#define HAVE_SYS_PARAM_H 1
#define HAVE_SYS_SOCKET_H 1
#define HAVE_SYS_STATVFS_H 1
#define HAVE_SYS_TIME_H 1
#define HAVE_SYS_VFS_H 1
#define HAVE_SYSLOG_H 1
#define HAVE_UTIME_H 1
#define HAVE_SYNC_FILE_RANGE /**/
#define CEPH_HAVE_FALLOCATE /**/

configure: exit 0

## ---------------------- ##
## Running config.status. ##
## ---------------------- ##

This file was extended by ceph config.status 0.67, which was
generated by GNU Autoconf 2.68.  Invocation command line was

  CONFIG_FILES    = 
  CONFIG_HEADERS  = 
  CONFIG_LINKS    = 
  CONFIG_COMMANDS = 
  $ ./config.status 

on MONITOR

config.status:1274: creating Makefile
config.status:1274: creating src/Makefile
config.status:1274: creating src/ocf/Makefile
config.status:1274: creating src/ocf/ceph
config.status:1274: creating src/ocf/rbd
config.status:1274: creating src/java/Makefile
config.status:1274: creating man/Makefile
config.status:1274: creating ceph.spec
config.status:1274: creating src/acconfig.h
config.status:1455: src/acconfig.h is unchanged
config.status:1503: executing depfiles commands
config.status:1503: executing libtool commands
