13652 qemu-system-x86 22.9 640032
13652 qemu-system-x86 23.2 640052
13652 qemu-system-x86 23.4 640072
13652 qemu-system-x86 23.6 644384
13652 qemu-system-x86 23.8 644472
13652 qemu-system-x86 24.0 646508
13652 qemu-system-x86 24.3 646560
13652 qemu-system-x86 24.5 650952
13652 qemu-system-x86 24.7 651208
13652 qemu-system-x86 24.9 654508
13652 qemu-system-x86 25.2 655472
13652 qemu-system-x86 25.4 660692
13652 qemu-system-x86 25.6 661024
13652 qemu-system-x86 25.8 665416
13652 qemu-system-x86 26.1 665416
13652 qemu-system-x86 26.3 668968
13652 qemu-system-x86 26.5 669304
13652 qemu-system-x86 26.6 672236
13652 qemu-system-x86 26.9 672964
13652 qemu-system-x86 27.0 676028
13652 qemu-system-x86 27.2 676612
13652 qemu-system-x86 27.3 677636
13652 qemu-system-x86 27.6 679364
13652 qemu-system-x86 27.7 680500
13652 qemu-system-x86 27.9 681936
13652 qemu-system-x86 28.1 683352
13652 qemu-system-x86 28.3 685236
13652 qemu-system-x86 28.5 687296
13652 qemu-system-x86 28.7 688228
13652 qemu-system-x86 28.8 689740
13652 qemu-system-x86 29.1 691272
13652 qemu-system-x86 29.2 692244
13652 qemu-system-x86 29.4 693572
13652 qemu-system-x86 29.6 694284
13652 qemu-system-x86 29.8 696460
13652 qemu-system-x86 29.9 698016
13652 qemu-system-x86 30.2 699776
13652 qemu-system-x86 30.3 700700
13652 qemu-system-x86 30.5 702008
13652 qemu-system-x86 30.6 702744
13652 qemu-system-x86 30.9 704676
13652 qemu-system-x86 31.0 705468
13652 qemu-system-x86 31.2 706508
13652 qemu-system-x86 31.3 707392
13652 qemu-system-x86 31.5 708328
13652 qemu-system-x86 31.6 709188
13652 qemu-system-x86 31.8 710856
13652 qemu-system-x86 32.0 712240
13652 qemu-system-x86 32.1 712872
13652 qemu-system-x86 32.3 714032
13652 qemu-system-x86 32.4 714816
13652 qemu-system-x86 32.6 715880
13652 qemu-system-x86 32.7 716052
13652 qemu-system-x86 32.9 718332
13652 qemu-system-x86 33.0 718800
13652 qemu-system-x86 33.1 720056
13652 qemu-system-x86 33.3 720952
13652 qemu-system-x86 33.4 722148
13652 qemu-system-x86 33.7 723092
