       eth0               virbr0              vnet0       
 KB/s in  KB/s out   KB/s in  KB/s out   KB/s in  KB/s out
  732.64  17432.19      0.00      0.00      0.00      0.05
  688.81  16560.86      0.00      0.00      0.00      0.00
  631.71  15713.48      0.00      0.00      0.00      0.05
  474.24  11566.98      0.00      0.00      0.00      0.00
  362.63   9130.44      0.00      0.00      0.00      0.05
  422.69  10223.41      0.00      0.00      0.00      0.00
  517.97  12712.15      0.00      0.00      0.00      0.05
  468.77  11888.94      0.00      0.00      0.00      0.00
  653.78  15214.38      0.00      0.00      0.00      0.05
  550.66  13294.92      0.00      0.00      0.00      0.00
  595.86  13953.99      0.00      0.00      0.00      0.05
  666.74  16339.79      0.00      0.00      0.00      0.00
  566.27  13711.17      0.00      0.00      0.00      0.05
  301.20   7711.80      0.00      0.00      0.00      0.00
  400.28   9567.21      0.00      0.00      0.00      0.05
  335.82   8421.15      0.00      0.00      0.00      0.00
  446.21  11142.06      0.00      0.00      0.00      0.05
  623.71  14711.24      0.00      0.00      0.00      0.00
  627.71  15040.61      0.00      0.00      0.00      0.05
  656.90  15881.74      0.00      0.00      0.00      0.00
  665.60  15678.73      0.00      0.00      0.00      0.05
  668.92  16351.39      0.00      0.00      0.00      0.00
       eth0               virbr0              vnet0       
 KB/s in  KB/s out   KB/s in  KB/s out   KB/s in  KB/s out
  644.85  15956.13      0.00      0.00      0.00      0.05
  381.04   9353.62      0.00      0.00      0.00      0.00
  257.30   6693.91      0.00      0.00      0.00      0.05
  577.75  14490.93      0.00      0.00      0.00      0.00
  633.27  15428.79      0.00      0.00      0.00      0.05
  437.78  10889.78      0.00      0.00      0.00      0.00
  728.26  17190.48      0.00      0.00      0.00      0.05
  679.73  15917.71      0.00      0.00      0.00      0.00
  689.06  16213.49      0.00      0.00      0.00      0.05
  634.51  15221.85      0.00      0.00      0.00      0.00
  549.33  13766.53      0.00      0.00      0.00      0.05
  413.22   9796.95      0.00      0.00      0.00      0.00
  213.54   4781.38      0.00      0.00      0.00      0.05
  435.80  10706.93      0.00      0.00      0.00      0.00
  543.11  13648.50      0.00      0.00      0.00      0.05
  708.86  16872.31      0.00      0.00      0.00      0.00
  639.07  15607.86      0.00      0.00      0.00      0.05
  679.12  16232.97      0.00      0.00      0.00      0.00
  755.28  17632.16      0.00      0.00      0.00      0.05
  733.53  17545.14      0.00      0.00      0.00      0.00
  599.21  14672.00      0.00      0.00      0.00      0.05
  291.22   7271.40      0.00      0.00      0.00      0.00
       eth0               virbr0              vnet0       
 KB/s in  KB/s out   KB/s in  KB/s out   KB/s in  KB/s out
  266.23   6951.82      0.00      0.00      0.00      0.05
  392.13   9855.51      0.00      0.00      0.00      0.00
  517.50  12637.58      0.00      0.00      0.00      0.05
  670.60  15996.51      0.00      0.00      0.00      0.00
  550.76  13817.64      0.00      0.00      0.00      0.05
  644.60  15896.68      0.00      0.00      0.00      0.00
  693.00  16425.90      0.00      0.00      0.00      0.05
  659.06  16146.69      0.00      0.00      0.00      0.00
  668.87  16111.12      0.00      0.00      0.00      0.05
  407.21   9662.28      0.00      0.00      0.00      0.00
  254.99   6715.61      0.00      0.00      0.00      0.05
  616.01  14922.08      0.00      0.00      0.00      0.00
  544.20  13172.99      0.00      0.00      0.00      0.05
  329.88   8456.83      0.00      0.00      0.00      0.00
  781.21  18205.87      0.00      0.00      0.00      0.05
  678.99  16374.32      0.00      0.00      0.00      0.00
  279.50   6882.87      0.00      0.00      0.00      0.05
  710.50  16716.55      0.00      0.00      0.00      0.00
  727.49  17487.84      0.00      0.00      0.00      0.05
  434.24  10177.66      0.00      0.00      0.00      0.00
  387.51   9553.07      0.00      0.00      0.00      0.05
  737.52  17151.99      0.00      0.00      0.00      0.00
       eth0               virbr0              vnet0       
 KB/s in  KB/s out   KB/s in  KB/s out   KB/s in  KB/s out
  747.54  17488.27      0.00      0.00      0.00      0.05
  717.34  16903.06      0.00      0.00      0.00      0.00
  740.99  17703.58      0.00      0.00      0.00      0.05
  650.88  15413.30      0.00      0.00      0.00      0.00
  575.72  14294.57      0.00      0.00      0.00      0.05
  376.83   8239.16      0.00      0.00      0.00      0.00
  692.53  16296.62      0.00      0.00      0.00      0.05
  459.98  10487.12      0.00      0.00      0.00      0.00
  407.38   9773.39      0.00      0.00      0.00      0.05
  704.03  16648.82      0.00      0.00      0.00      0.00
  796.35  18024.64      0.00      0.00      0.00      0.05
  680.42  16193.02      0.00      0.00      0.00      0.00
  651.41  15573.74      0.00      0.00      0.00      0.05
  546.44  13254.75      0.00      0.00      0.00      0.00
  354.76   8835.72      0.00      0.00      0.00      0.05
  297.02   7614.63      0.00      0.00      0.00      0.00
  572.35  13560.85      0.00      0.00      0.00      0.05
  333.13   8014.04      0.00      0.00      0.00      0.00
  371.89   9054.94      0.00      0.00      0.00      0.05
  636.49  15463.53      0.00      0.00      0.00      0.00
  712.43  16871.39      0.00      0.00      0.00      0.05
  598.32  14179.99      0.00      0.00      0.00      0.00
       eth0               virbr0              vnet0       
 KB/s in  KB/s out   KB/s in  KB/s out   KB/s in  KB/s out
  756.29  17685.29      0.00      0.00      0.00      0.05
  582.67  13868.89      0.00      0.00      0.00      0.00
  380.95   9646.05      0.00      0.00      0.00      0.05
  366.47   9072.94      0.00      0.00      0.00      0.00
  364.13   9104.11      0.00      0.00      0.00      0.05
  266.44   6720.78      0.00      0.00      0.00      0.00
  374.35   8756.90      0.00      0.00      0.00      0.05
  668.85  16004.75      0.00      0.00      0.00      0.00
  651.20  15215.72      0.00      0.00      0.00      0.05
  701.72  16432.41      0.00      0.00      0.00      0.00
  571.15  13546.40      0.00      0.00      0.00      0.05
  697.28  16904.72      0.00      0.00      0.00      0.00
  605.80  14463.14      0.00      0.00      0.00      0.05
  658.24  15516.07      0.00      0.00      0.00      0.00
  259.09   6909.04      0.00      0.00      0.00      0.05
  263.33   6841.03      0.00      0.00      0.00      0.00
  299.91   7231.30      0.00      0.00      0.00      0.05
  486.31  10615.38      0.00      0.00      0.00      0.00
  732.69  17054.95      0.00      0.00      0.00      0.05
  659.14  15887.32      0.00      0.00      0.00      0.00
  683.89  16592.85      0.00      0.00      0.00      0.05
  475.60  11940.01      0.00      0.00      0.00      0.00
       eth0               virbr0              vnet0       
 KB/s in  KB/s out   KB/s in  KB/s out   KB/s in  KB/s out
  625.23  15214.22      0.00      0.00      0.00      0.05
  647.73  15269.11      0.00      0.00      0.00      0.00
  525.45  12469.89      0.00      0.00      0.00      0.05
  240.45   6305.02      0.00      0.00      0.00      0.00
  258.61   5859.45      0.00      0.00      0.00      0.05
  571.36  13208.53      0.00      0.00      0.00      0.00
  756.95  17648.65      0.00      0.00      0.00      0.05
  520.38  12935.93      0.00      0.00      0.00      0.00
  567.95  13673.73      0.00      0.00      0.00      0.05
  688.34  16246.24      0.00      0.00      0.00      0.00
  680.86  16198.05      0.00      0.00      0.00      0.05
  673.58  15746.39      0.00      0.00      0.00      0.00
  661.14  15723.44      0.00      0.00      0.00      0.05
  281.75   6963.50      0.00      0.00      0.00      0.00
  195.09   5348.78      0.00      0.00      0.00      0.05
  527.24  12119.04      0.00      0.00      0.00      0.00
  745.29  17356.35      0.00      0.00      0.00      0.05
  592.84  14155.76      0.00      0.00      0.00      0.00
  686.72  16253.02      0.00      0.00      0.00      0.05
  559.14  13124.90      0.00      0.00      0.00      0.00
  642.54  15535.59      0.00      0.00      0.00      0.05
  568.99  13993.69      0.00      0.00      0.00      0.00
       eth0               virbr0              vnet0       
 KB/s in  KB/s out   KB/s in  KB/s out   KB/s in  KB/s out
  642.77  15309.69      0.00      0.00      0.00      0.05
  394.23   9643.94      0.00      0.00      0.00      0.00
  184.82   5070.16      0.00      0.00      0.00      0.05
  485.22  11750.43      0.00      0.00      0.00      0.00
  656.91  15437.61      0.00      0.00      0.00      0.05
  660.87  15490.78      0.00      0.00      0.00      0.00
  600.88  14130.60      0.00      0.00      0.00      0.05
  727.90  17090.25      0.00      0.00      0.00      0.00
  551.46  13571.12      0.00      0.00      0.00      0.05
  632.09  15014.71      0.00      0.00      0.00      0.00
  632.96  15311.79      0.00      0.00      0.00      0.05
  288.01   7193.40      0.00      0.00      0.00      0.00
  189.98   5138.01      0.00      0.00      0.00      0.05
  302.37   6725.18      0.00      0.00      0.00      0.00
  600.43  14755.25      0.00      0.00      0.00      0.05
  625.02  14865.31      0.00      0.00      0.00      0.00
  663.67  16034.73      0.00      0.00      0.00      0.05
  715.75  17048.97      0.00      0.00      0.00      0.00
  696.72  16359.94      0.00      0.00      0.00      0.05
  549.31  13313.41      0.00      0.00      0.00      0.00
  682.75  16285.72      0.00      0.00      0.00      0.05
  303.43   7397.57      0.00      0.00      0.00      0.00
       eth0               virbr0              vnet0       
 KB/s in  KB/s out   KB/s in  KB/s out   KB/s in  KB/s out
  222.50   5759.61      0.00      0.00      0.00      0.05
  506.60  12506.62      0.00      0.00      0.00      0.00
  688.96  16231.41      0.00      0.00      0.00      0.05
  668.08  15628.41      0.00      0.00      0.00      0.00
  639.27  15247.61      0.00      0.00      0.00      0.05
  554.33  13461.48      0.00      0.00      0.00      0.00
  675.56  15879.39      0.00      0.00      0.00      0.05
  606.28  14452.53      0.00      0.00      0.00      0.00
  686.40  16432.43      0.00      0.00      0.00      0.05
  224.16   5822.92      0.00      0.00      0.00      0.00
  254.48   6787.39      0.00      0.00      0.00      0.05
  346.96   8552.08      0.00      0.00      0.00      0.00
  675.36  15905.58      0.00      0.00      0.00      0.05
  595.99  14393.23      0.00      0.00      0.00      0.00
  692.31  16264.40      0.00      0.00      0.00      0.05
  684.25  16546.26      0.00      0.00      0.00      0.00
  639.22  15390.94      0.00      0.00      0.00      0.05
  634.67  15155.28      0.00      0.00      0.00      0.00
  735.75  17203.03      0.00      0.00      0.00      0.05
  219.12   5727.48      0.00      0.00      0.00      0.00
  226.93   4666.86      0.00      0.00      0.00      0.05
  478.14  11557.81      0.00      0.00      0.00      0.00
       eth0               virbr0              vnet0       
 KB/s in  KB/s out   KB/s in  KB/s out   KB/s in  KB/s out
  696.01  16772.47      0.00      0.00      0.00      0.05
  584.36  13839.96      0.00      0.00      0.00      0.00
  754.62  17420.04      0.00      0.00      0.00      0.05
  794.81  18340.90      0.00      0.00      0.00      0.00
  621.13  14872.26      0.00      0.00      0.00      0.05
  691.47  16350.41      0.00      0.00      0.00      0.00
  684.55  15771.98      0.00      0.00      0.00      0.05
  204.03   5201.46      0.00      0.00      0.00      0.00
  254.96   6292.45      0.00      0.00      0.00      0.05
  313.87   6883.18      0.00      0.00      0.00      0.00
  652.05  15220.22      0.00      0.00      0.00      0.05
  640.03  15142.87      0.00      0.00      0.00      0.00
  603.37  14545.09      0.00      0.00      0.00      0.05
  667.26  15935.07      0.00      0.00      0.00      0.00
  647.68  15009.12      0.00      0.00      0.00      0.05
  643.69  15489.10      0.00      0.00      0.00      0.00
  575.76  13998.05      0.00      0.00      0.00      0.05
  388.14   9268.88      0.00      0.00      0.00      0.00
  106.88   3402.07      0.00      0.00      0.00      0.05
  659.35  14617.52      0.00      0.00      0.00      0.00
  660.54  14579.95      0.00      0.00      0.00      0.05
  682.77  14717.82      0.00      0.00      0.00      0.00
       eth0               virbr0              vnet0       
 KB/s in  KB/s out   KB/s in  KB/s out   KB/s in  KB/s out
  701.91  15447.89      0.00      0.00      0.00      0.05
  665.31  14730.23      0.00      0.00      0.00      0.00
  698.95  15825.68      0.00      0.00      0.00      0.05
  463.74  10731.20      0.00      0.00      0.00      0.00
  740.06  16301.86      0.00      0.00      0.00      0.05
  314.55   6837.36      0.00      0.00      0.00      0.00
  103.81   2273.47      0.00      0.00      0.00      0.05
  468.98  10145.86      0.00      0.00      0.00      0.00
  748.24  16499.84      0.00      0.00      0.00      0.05
  686.19  15381.28      0.00      0.00      0.00      0.00
  587.42  12924.91      0.00      0.00      0.00      0.05
  695.48  15784.63      0.00      0.00      0.00      0.00
  525.76  11669.57      0.00      0.00      0.00      0.05
  516.40  11070.05      0.00      0.00      0.00      0.00
  621.33  14025.15      0.00      0.00      0.00      0.05
  393.00   8320.38      0.00      0.00      0.00      0.00
   68.51   1570.70      0.00      0.00      0.00      0.05
  581.15  12795.90      0.00      0.00      0.00      0.00
  663.41  14548.14      0.00      0.00      0.00      0.05
  543.77  11930.89      0.00      0.00      0.00      0.00
  504.69  11380.57      0.00      0.00      0.00      0.05
  527.50  11588.96      0.00      0.00      0.00      0.00
       eth0               virbr0              vnet0       
 KB/s in  KB/s out   KB/s in  KB/s out   KB/s in  KB/s out
  587.34  12846.13      0.00      0.00      0.00      0.05
  612.90  13649.66      0.00      0.00      0.00      0.00
  613.12  13409.36      0.00      0.00      0.00      0.05
  232.12   4598.03      0.00      0.00      0.00      0.00
   19.17    398.53      0.00      0.00      0.00      0.05
  115.90   2533.96      0.00      0.00      0.00      0.00
  586.63  12852.25      0.00      0.00      0.00      0.05
  777.05  17232.49      0.00      0.00      0.00      0.00
  734.05  15658.31      0.00      0.00      0.00      0.05
  751.65  16953.66      0.00      0.00      0.00      0.00
  719.26  15597.82      0.00      0.00      0.00      0.05
  564.81  12343.72      0.00      0.00      0.00      0.00
  735.49  16567.00      0.00      0.00      0.00      0.05
  287.94   6053.35      0.00      0.00      0.00      0.00
  291.76   6427.25      0.00      0.00      0.00      0.05
  231.84   5061.03      0.00      0.00      0.00      0.00
  482.73  10675.95      0.00      0.00      0.00      0.05
  582.84  12719.08      0.00      0.00      0.00      0.00
  379.14   8545.64      0.00      0.00      0.00      0.05
  646.90  14280.86      0.00      0.00      0.00      0.00
  690.93  15129.88      0.00      0.00      0.00      0.05
  458.36  10254.93      0.00      0.00      0.00      0.00
       eth0               virbr0              vnet0       
 KB/s in  KB/s out   KB/s in  KB/s out   KB/s in  KB/s out
  622.17  14086.28      0.00      0.00      0.00      0.05
  257.26   5317.57      0.00      0.00      0.00      0.00
  457.67  10046.89      0.00      0.00      0.00      0.05
  239.00   5278.80      0.00      0.00      0.00      0.00
  561.99  11999.30      0.00      0.00      0.00      0.05
  247.47   5413.04      0.00      0.00      0.00      0.00
  537.35  12174.63      0.00      0.00      0.00      0.05
  548.07  12151.86      0.00      0.00      0.00      0.00
  573.82  12476.72      0.00      0.00      0.00      0.05
  670.66  14505.61      0.00      0.00      0.00      0.00
  476.13  10620.77      0.00      0.00      0.00      0.05
  220.66   4621.62      0.00      0.00      0.00      0.00
  455.95   9818.48      0.00      0.00      0.00      0.05
  725.74  15775.12      0.00      0.00      0.00      0.00
  799.42  17308.67      0.00      0.00      0.00      0.05
  362.86   8007.48      0.00      0.00      0.00      0.00
  379.88   8324.32      0.00      0.00      0.00      0.05
  288.55   6319.50      0.00      0.00      0.00      0.00
  783.86  17346.10      0.00      0.00      0.00      0.05
  793.29  17776.03      0.00      0.00      0.00      0.00
  576.54  12911.65      0.00      0.00      0.00      0.05
  397.99   8000.71      0.00      0.00      0.00      0.00
       eth0               virbr0              vnet0       
 KB/s in  KB/s out   KB/s in  KB/s out   KB/s in  KB/s out
  377.21   8339.34      0.00      0.00      0.00      0.05
  624.92  13648.21      0.00      0.00      0.00      0.00
  387.36   8548.36      0.00      0.00      0.00      0.05
  684.48  15361.27      0.00      0.00      0.00      0.00
  395.54   8768.98      0.00      0.00      0.00      0.05
  140.78   3296.93      0.00      0.00      0.00      0.00
  458.36  10366.04      0.00      0.00      0.00      0.05
  304.12   6765.17      0.00      0.00      0.00      0.00
  688.71  15298.79      0.00      0.00      0.00      0.05
  309.27   6275.72      0.00      0.00      0.00      0.00
  423.98   9218.56      0.00      0.00      0.00      0.05
  729.27  15919.50      0.00      0.00      0.00      0.00
  629.18  13975.83      0.00      0.00      0.00      0.05
  623.29  13939.73      0.00      0.00      0.00      0.00
  669.60  14820.59      0.00      0.00      0.00      0.05
  604.83  13590.18      0.00      0.00      0.00      0.00
  224.82   5032.20      0.00      0.00      0.00      0.05
  560.34  12306.00      0.00      0.00      0.00      0.00
  646.49  13993.80      0.00      0.00      0.00      0.05
  268.72   5605.64      0.00      0.00      0.00      0.00
  475.87  10573.75      0.00      0.00      0.00      0.05
  699.29  15679.06      0.00      0.00      0.00      0.00
       eth0               virbr0              vnet0       
 KB/s in  KB/s out   KB/s in  KB/s out   KB/s in  KB/s out
  752.60  16632.07      0.00      0.00      0.00      0.05
  744.59  16650.86      0.00      0.00      0.00      0.00
  651.60  14306.37      0.00      0.00      0.00      0.05
  445.40  10101.73      0.00      0.00      0.00      0.00
  504.46  11268.93      0.00      0.00      0.00      0.05
  318.40   7119.52      0.00      0.00      0.00      0.00
  311.33   6539.88      0.00      0.00      0.00      0.05
  220.99   4540.95      0.00      0.00      0.00      0.00
  527.10  11613.67      0.00      0.00      0.00      0.05
