13652 qemu-system-x86  9.9 504944
13652 qemu-system-x86 11.1 487424
13652 qemu-system-x86 11.9 491524
13652 qemu-system-x86 12.7 491572
13652 qemu-system-x86 13.8 495712
13652 qemu-system-x86 14.6 497796
13652 qemu-system-x86 15.7 501896
13652 qemu-system-x86 16.5 502196
13652 qemu-system-x86 17.3 504252
13652 qemu-system-x86 18.0 504284
13652 qemu-system-x86 18.9 510432
13652 qemu-system-x86 19.7 510468
13652 qemu-system-x86 20.6 514572
13652 qemu-system-x86 21.3 514868
13652 qemu-system-x86 22.2 516924
13652 qemu-system-x86 22.7 516960
13652 qemu-system-x86 23.5 523112
13652 qemu-system-x86 24.1 523144
13652 qemu-system-x86 24.8 525204
13652 qemu-system-x86 25.3 527544
13652 qemu-system-x86 26.1 527552
13652 qemu-system-x86 26.5 529632
13652 qemu-system-x86 27.3 531692
13652 qemu-system-x86 27.9 533768
13652 qemu-system-x86 28.6 535832
13652 qemu-system-x86 29.1 537904
13652 qemu-system-x86 29.7 538180
13652 qemu-system-x86 30.4 540256
13652 qemu-system-x86 30.8 542316
13652 qemu-system-x86 31.2 542344
13652 qemu-system-x86 31.7 544404
13652 qemu-system-x86 32.3 546480
13652 qemu-system-x86 32.8 546760
13652 qemu-system-x86 33.4 548832
13652 qemu-system-x86 33.7 550892
13652 qemu-system-x86 34.2 550920
13652 qemu-system-x86 34.6 552984
13652 qemu-system-x86 35.2 553008
13652 qemu-system-x86 35.6 555064
13652 qemu-system-x86 36.1 557408
13652 qemu-system-x86 36.6 557420
13652 qemu-system-x86 36.8 559496
13652 qemu-system-x86 37.3 559512
13652 qemu-system-x86 37.6 561584
13652 qemu-system-x86 38.1 561600
13652 qemu-system-x86 38.5 563936
13652 qemu-system-x86 38.9 563940
13652 qemu-system-x86 39.2 566024
13652 qemu-system-x86 39.7 566040
13652 qemu-system-x86 40.0 566740
13652 qemu-system-x86 40.4 568136
13652 qemu-system-x86 40.6 568824
13652 qemu-system-x86 41.0 569704
13652 qemu-system-x86 41.3 571152
13652 qemu-system-x86 41.7 572356
13652 qemu-system-x86 41.9 572580
13652 qemu-system-x86 42.3 573820
13652 qemu-system-x86 42.6 574844
13652 qemu-system-x86 42.8 575368
