24108 qemu-system-x86 22.1 1168280
24108 qemu-system-x86 25.1 1170608
24108 qemu-system-x86 28.1 1170608
24108 qemu-system-x86 30.8 1171664
24108 qemu-system-x86 33.4 1171664
24108 qemu-system-x86 36.0 1172720
24108 qemu-system-x86 38.0 1172720
24108 qemu-system-x86 39.9 1173776
24108 qemu-system-x86 41.9 1173776
24108 qemu-system-x86 43.7 1174568
24108 qemu-system-x86 45.3 1174568
24108 qemu-system-x86 46.9 1175624
24108 qemu-system-x86 48.5 1175624
24108 qemu-system-x86 50.0 1176680
24108 qemu-system-x86 51.4 1176680
24108 qemu-system-x86 52.7 1177736
24108 qemu-system-x86 54.0 1177736
24108 qemu-system-x86 55.1 1178792
24108 qemu-system-x86 56.4 1178792
24108 qemu-system-x86 57.5 1179848
24108 qemu-system-x86 58.6 1179848
24108 qemu-system-x86 59.5 1180904
24108 qemu-system-x86 60.5 1180904
24108 qemu-system-x86 61.4 1181960
24108 qemu-system-x86 62.3 1181960
24108 qemu-system-x86 63.2 1182752
24108 qemu-system-x86 64.0 1182752
24108 qemu-system-x86 64.8 1183808
24108 qemu-system-x86 65.6 1183808
24108 qemu-system-x86 66.3 1184864
24108 qemu-system-x86 67.0 1184864
24108 qemu-system-x86 67.7 1185920
24108 qemu-system-x86 68.3 1185920
24108 qemu-system-x86 69.0 1186976
24108 qemu-system-x86 69.6 1186976
24108 qemu-system-x86 70.1 1188032
24108 qemu-system-x86 70.7 1188032
24108 qemu-system-x86 71.2 1189088
24108 qemu-system-x86 71.7 1189088
24108 qemu-system-x86 72.2 1190144
24108 qemu-system-x86 72.7 1190144
24108 qemu-system-x86 73.2 1191200
24108 qemu-system-x86 73.7 1191200
24108 qemu-system-x86 74.1 1191992
24108 qemu-system-x86 74.5 1191992
24108 qemu-system-x86 74.9 1193048
24108 qemu-system-x86 75.3 1193048
24108 qemu-system-x86 75.7 1194104
24108 qemu-system-x86 76.1 1194104
24108 qemu-system-x86 76.5 1195160
24108 qemu-system-x86 76.8 1195160
24108 qemu-system-x86 77.2 1196216
24108 qemu-system-x86 77.6 1196216
24108 qemu-system-x86 77.9 1197272
24108 qemu-system-x86 78.2 1197272
24108 qemu-system-x86 78.5 1198328
24108 qemu-system-x86 78.8 1198328
24108 qemu-system-x86 79.1 1199384
24108 qemu-system-x86 79.4 1199384
