       eth0               virbr0              vnet0       
 KB/s in  KB/s out   KB/s in  KB/s out   KB/s in  KB/s out
    0.06      0.07      0.00      0.00      0.00      0.00
 6012.14   2793.44      0.00      0.00      0.00      0.05
20581.87   5606.33      0.00      0.00      0.00      0.00
16821.34   1843.03      0.00      0.00      0.00      0.05
   41.60   1276.56      0.00      0.00      0.00      0.00
   93.39   4225.50      0.00      0.00      0.00      0.05
    7.63    285.34      0.00      0.00      0.00      0.00
   64.43   2573.19      0.00      0.00      0.00      0.05
   82.54   3837.40      0.00      0.00      0.00      0.00
   37.73   1704.91      0.00      0.00      0.00      0.05
   37.51   1635.44      0.00      0.00      0.00      0.00
   78.53   3523.93      0.00      0.00      0.00      0.05
   20.68    915.35      0.00      0.00      0.00      0.00
   63.37   2859.67      0.00      0.00      0.00      0.05
  121.44   4855.06      0.00      0.00      0.00      0.00
   32.98   1471.24      0.00      0.00      0.00      0.05
   36.40   1609.74      0.00      0.00      0.00      0.00
   99.30   4487.98      0.00      0.00      0.00      0.05
   47.66   1827.86      0.00      0.00      0.00      0.00
   24.55   1086.92      0.00      0.00      0.00      0.05
   48.29   2146.16      0.00      0.00      0.00      0.00
   69.00   3134.94      0.00      0.00      0.00      0.05
       eth0               virbr0              vnet0       
 KB/s in  KB/s out   KB/s in  KB/s out   KB/s in  KB/s out
   33.36   1491.90      0.00      0.00      0.00      0.00
  114.28   5101.18      0.00      0.00      0.00      0.05
   40.42   1512.37      0.00      0.00      0.00      0.00
   31.57   1229.75      0.00      0.00      0.00      0.05
   98.67   3927.00      0.00      0.00      0.00      0.00
   45.46   1756.65      0.00      0.00      0.00      0.05
   40.12   1687.93      0.00      0.00      0.00      0.00
   78.10   3546.00      0.00      0.00      0.00      0.05
   20.76    830.11      0.00      0.00      0.00      0.00
   57.75   2451.74      0.00      0.00      0.00      0.05
   85.34   3633.31      0.00      0.00      0.00      0.00
   26.20   1038.63      0.00      0.00      0.00      0.05
   30.35   1329.48      0.00      0.00      0.00      0.00
   37.19   1630.60      0.00      0.00      0.00      0.05
   97.37   4022.87      0.00      0.00      0.00      0.00
   30.71   1321.54      0.00      0.00      0.00      0.05
   48.40   2187.24      0.00      0.00      0.00      0.00
   46.38   2139.76      0.00      0.00      0.00      0.05
   44.62   2009.77      0.00      0.00      0.00      0.00
   35.72   1577.61      0.00      0.00      0.00      0.05
   91.21   4069.89      0.00      0.00      0.00      0.00
   33.62   1563.13      0.00      0.00      0.00      0.05
       eth0               virbr0              vnet0       
 KB/s in  KB/s out   KB/s in  KB/s out   KB/s in  KB/s out
   45.38   1754.45      0.00      0.00      0.00      0.00
   86.99   3795.99      0.00      0.00      0.00      0.05
   49.13   1760.60      0.00      0.00      0.00      0.00
   37.85   1510.65      0.00      0.00      0.00      0.05
   63.82   2793.98      0.00      0.00      0.00      0.00
   33.13   1617.89      0.00      0.00      0.00      0.05
   54.81   2444.81      0.00      0.00      0.00      0.00
   80.19   3548.71      0.00      0.00      0.00      0.05
   51.90   1974.58      0.00      0.00      0.00      0.00
   33.42   1366.71      0.00      0.00      0.00      0.05
   70.31   3071.04      0.00      0.00      0.00      0.00
   24.88   1010.59      0.00      0.00      0.00      0.05
    1.18     21.70      0.00      0.00      0.00      0.00
   93.44   4287.31      0.00      0.00      0.00      0.05
   31.49   1416.60      0.00      0.00      0.00      0.00
    8.63    357.77      0.00      0.00      0.00      0.05
   84.24   3809.68      0.00      0.00      0.00      0.00
   43.55   1939.48      0.00      0.00      0.00      0.05
   31.13   1363.50      0.00      0.00      0.00      0.00
   69.49   3176.04      0.00      0.00      0.00      0.05
   39.87   1817.70      0.00      0.00      0.00      0.00
   27.19   1199.81      0.00      0.00      0.00      0.05
       eth0               virbr0              vnet0       
 KB/s in  KB/s out   KB/s in  KB/s out   KB/s in  KB/s out
   48.83   2160.97      0.00      0.00      0.00      0.00
   50.04   2248.37      0.00      0.00      0.00      0.05
   40.91   1822.42      0.00      0.00      0.00      0.00
   75.91   3303.70      0.00      0.00      0.00      0.05
    0.00      0.00      0.00      0.00      0.00      0.00
   79.37   3523.95      0.00      0.00      0.00      0.05
   87.24   3952.46      0.00      0.00      0.00      0.00
    6.26    318.01      0.00      0.00      0.00      0.05
   58.63   2391.98      0.00      0.00      0.00      0.00
   78.82   3423.01      0.00      0.00      0.00      0.05
   47.48   2144.47      0.00      0.00      0.00      0.00
   20.26    916.50      0.00      0.00      0.00      0.05
   86.16   3910.90      0.00      0.00      0.00      0.00
   34.27   1537.89      0.00      0.00      0.00      0.05
   11.21    480.88      0.00      0.00      0.00      0.00
   93.99   4087.14      0.00      0.00      0.00      0.05
   29.37   1320.54      0.00      0.00      0.00      0.00
   35.04   1571.50      0.00      0.00      0.00      0.05
   65.37   2937.85      0.00      0.00      0.00      0.00
   31.76   1412.75      0.00      0.00      0.00      0.05
    1.18     21.71      0.00      0.00      0.00      0.00
   94.89   4275.93      0.00      0.00      0.00      0.05
       eth0               virbr0              vnet0       
 KB/s in  KB/s out   KB/s in  KB/s out   KB/s in  KB/s out
    0.00      0.00      0.00      0.00      0.00      0.00
   74.07   3339.05      0.00      0.00      0.00      0.05
   47.39   2139.32      0.00      0.00      0.00      0.00
   62.81   2212.58      0.00      0.00      0.00      0.05
    0.13      0.16      0.00      0.00      0.00      0.00
   94.63   4208.67      0.00      0.00      0.00      0.05
   20.82    940.92      0.00      0.00      0.00      0.00
    9.72    441.55      0.00      0.00      0.00      0.05
   84.83   3801.41      0.00      0.00      0.00      0.00
    0.06      0.07      0.00      0.00      0.00      0.05
   92.27   4085.32      0.00      0.00      0.00      0.00
   56.97   2477.88      0.00      0.00      0.00      0.05
   47.86   2198.56      0.00      0.00      0.00      0.00
    1.31     25.89      0.00      0.00      0.00      0.05
   93.33   4251.17      0.00      0.00      0.00      0.00
   37.42   1671.82      0.00      0.00      0.00      0.05
   19.87    853.41      0.00      0.00      0.00      0.00
   46.24   2139.44      0.00      0.00      0.00      0.05
    1.18     21.79      0.00      0.00      0.00      0.00
   62.85   2794.05      0.00      0.00      0.00      0.05
   92.54   4245.22      0.00      0.00      0.00      0.00
    0.20      0.28      0.00      0.00      0.00      0.05
       eth0               virbr0              vnet0       
 KB/s in  KB/s out   KB/s in  KB/s out   KB/s in  KB/s out
   44.49   2034.81      0.00      0.00      0.00      0.00
   52.43   2174.59      0.00      0.00      0.00      0.05
   70.46   3201.21      0.00      0.00      0.00      0.00
   31.77   1408.99      0.00      0.00      0.00      0.05
   76.98   3298.46      0.00      0.00      0.00      0.00
   38.61   1547.70      0.00      0.00      0.00      0.05
   21.78    820.37      0.00      0.00      0.00      0.00
   88.57   3744.99      0.00      0.00      0.00      0.05
   13.49    480.74      0.00      0.00      0.00      0.00
   39.18   1472.46      0.00      0.00      0.00      0.05
   22.54    998.92      0.00      0.00      0.00      0.00
   82.42   3247.22      0.00      0.00      0.00      0.05
   47.86   2156.82      0.00      0.00      0.00      0.00
    0.00      0.00      0.00      0.00      0.00      0.05
   83.81   3907.78      0.00      0.00      0.00      0.00
   44.18   2039.35      0.00      0.00      0.00      0.05
   33.14   1459.83      0.00      0.00      0.00      0.00
   75.60   3430.64      0.00      0.00      0.00      0.05
   22.93   1019.73      0.00      0.00      0.00      0.00
    0.14      0.20      0.00      0.00      0.00      0.05
  130.65   5330.73      0.00      0.00      0.00      0.00
    1.18     21.78      0.00      0.00      0.00      0.05
       eth0               virbr0              vnet0       
 KB/s in  KB/s out   KB/s in  KB/s out   KB/s in  KB/s out
   44.77   2032.40      0.00      0.00      0.00      0.00
   47.33   2139.26      0.00      0.00      0.00      0.05
   32.14   1437.60      0.00      0.00      0.00      0.00
   51.60   2282.03      0.00      0.00      0.00      0.05
   96.88   4283.43      0.00      0.00      0.00      0.00
   30.78   1383.54      0.00      0.00      0.00      0.05
    0.40      0.14      0.00      0.00      0.00      0.00
   81.87   3702.13      0.00      0.00      0.00      0.05
   39.02   1759.15      0.00      0.00      0.00      0.00
    1.18     21.70      0.00      0.00      0.00      0.05
   95.76   4255.05      0.00      0.00      0.00      0.00
   43.12   1961.14      0.00      0.00      0.00      0.05
    0.20      0.28      0.00      0.00      0.00      0.00
  109.94   4504.97      0.00      0.00      0.00      0.05
   27.20   1187.53      0.00      0.00      0.00      0.00
   34.85   1621.68      0.00      0.00      0.00      0.05
   45.67   2139.74      0.00      0.00      0.00      0.00
   52.09   2375.24      0.00      0.00      0.00      0.05
   34.09   1359.63      0.00      0.00      0.00      0.00
   75.78   3199.37      0.00      0.00      0.00      0.05
   35.31   1378.40      0.00      0.00      0.00      0.00
   32.73   1121.10      0.00      0.00      0.00      0.05
       eth0               virbr0              vnet0       
 KB/s in  KB/s out   KB/s in  KB/s out   KB/s in  KB/s out
   46.38   2139.80      0.00      0.00      0.00      0.00
   36.13   1629.62      0.00      0.00      0.00      0.05
   41.70   1835.77      0.00      0.00      0.00      0.00
   80.78   3649.15      0.00      0.00      0.00      0.05
    0.00      0.00      0.00      0.00      0.00      0.00
    0.14      0.20      0.00      0.00      0.00      0.05
  118.73   5060.00      0.00      0.00      0.00      0.00
    1.11     21.70      0.00      0.00      0.00      0.05
   49.91   2244.07      0.00      0.00      0.00      0.00
   87.97   3978.91      0.00      0.00      0.00      0.05
   34.10   1543.83      0.00      0.00      0.00      0.00
   38.66   1731.34      0.00      0.00      0.00      0.05
   78.22   3519.83      0.00      0.00      0.00      0.00
   48.74   2201.87      0.00      0.00      0.00      0.05
   30.98   1391.52      0.00      0.00      0.00      0.00
   74.76   3349.18      0.00      0.00      0.00      0.05
   35.01   1410.67      0.00      0.00      0.00      0.00
   33.12   1362.95      0.00      0.00      0.00      0.05
   76.78   3268.18      0.00      0.00      0.00      0.00
   26.37   1030.15      0.00      0.00      0.00      0.05
   15.13    633.14      0.00      0.00      0.00      0.00
   82.55   3756.24      0.00      0.00      0.00      0.05
       eth0               virbr0              vnet0       
 KB/s in  KB/s out   KB/s in  KB/s out   KB/s in  KB/s out
    1.11     21.78      0.00      0.00      0.00      0.00
   67.12   3073.20      0.00      0.00      0.00      0.05
   83.73   3613.61      0.00      0.00      0.00      0.00
   24.73   1034.84      0.00      0.00      0.00      0.05
   28.40   1153.92      0.00      0.00      0.00      0.00
   85.65   3378.46      0.00      0.00      0.00      0.05
   39.73   1724.19      0.00      0.00      0.00      0.00
    0.06      0.07      0.00      0.00      0.00      0.05
  112.03   5051.81      0.00      0.00      0.00      0.00
    0.13      0.15      0.00      0.00      0.00      0.05
   43.94   1952.16      0.00      0.00      0.00      0.00
   85.05   3840.55      0.00      0.00      0.00      0.05
   19.80    836.85      0.00      0.00      0.00      0.00
   39.36   1763.78      0.00      0.00      0.00      0.05
   66.92   2965.51      0.00      0.00      0.00      0.00
   26.15   1110.08      0.00      0.00      0.00      0.05
   25.22   1011.11      0.00      0.00      0.00      0.00
   82.51   3649.09      0.00      0.00      0.00      0.05
   29.07   1079.33      0.00      0.00      0.00      0.00
    5.05    189.18      0.00      0.00      0.00      0.05
   65.97   2825.61      0.00      0.00      0.00      0.00
   45.87   2053.99      0.00      0.00      0.00      0.05
       eth0               virbr0              vnet0       
 KB/s in  KB/s out   KB/s in  KB/s out   KB/s in  KB/s out
   47.39   2145.45      0.00      0.00      0.00      0.00
   28.02   1270.61      0.00      0.00      0.00      0.05
   70.44   3195.20      0.00      0.00      0.00      0.00
   10.59    432.53      0.00      0.00      0.00      0.05
   58.28   2130.46      0.00      0.00      0.00      0.00
   47.02   2139.66      0.00      0.00      0.00      0.05
   74.22   3302.41      0.00      0.00      0.00      0.00
    0.06      0.08      0.00      0.00      0.00      0.05
   94.17   4250.43      0.00      0.00      0.00      0.00
   37.14   1537.99      0.00      0.00      0.00      0.05
   22.92    942.61      0.00      0.00      0.00      0.00
   80.35   3389.31      0.00      0.00      0.00      0.05
   30.86   1131.34      0.00      0.00      0.00      0.00
   14.46    521.81      0.00      0.00      0.00      0.05
   79.35   3623.41      0.00      0.00      0.00      0.00
   54.64   2412.29      0.00      0.00      0.00      0.05
   33.20   1309.61      0.00      0.00      0.00      0.00
   90.79   3900.05      0.00      0.00      0.00      0.05
   24.45   1048.38      0.00      0.00      0.00      0.00
   29.71   1224.81      0.00      0.00      0.00      0.05
   83.86   3702.55      0.00      0.00      0.00      0.00
   30.84   1220.47      0.00      0.00      0.00      0.05
       eth0               virbr0              vnet0       
 KB/s in  KB/s out   KB/s in  KB/s out   KB/s in  KB/s out
   39.53   1586.89      0.00      0.00      0.00      0.00
   66.39   2994.14      0.00      0.00      0.00      0.05
   30.68   1209.00      0.00      0.00      0.00      0.00
   29.30   1276.78      0.00      0.00      0.00      0.05
   73.65   3046.95      0.00      0.00      0.00      0.00
   50.00   2245.66      0.00      0.00      0.00      0.05
    7.24    289.59      0.00      0.00      0.00      0.00
   82.24   3765.06      0.00      0.00      0.00      0.05
   65.68   2628.47      0.00      0.00      0.00      0.00
   46.15   1954.38      0.00      0.00      0.00      0.05
   78.27   3349.09      0.00      0.00      0.00      0.00
   41.57   1552.89      0.00      0.00      0.00      0.05
   32.73   1313.08      0.00      0.00      0.00      0.00
   59.47   2721.36      0.00      0.00      0.00      0.05
   39.17   1752.44      0.00      0.00      0.00      0.00
   20.35    835.05      0.00      0.00      0.00      0.05
   98.54   4151.99      0.00      0.00      0.00      0.00
   42.71   1834.15      0.00      0.00      0.00      0.05
   38.57   1558.91      0.00      0.00      0.00      0.00
   67.30   2982.02      0.00      0.00      0.00      0.05
   49.62   1967.82      0.00      0.00      0.00      0.00
   26.78   1087.19      0.00      0.00      0.00      0.05
       eth0               virbr0              vnet0       
 KB/s in  KB/s out   KB/s in  KB/s out   KB/s in  KB/s out
   58.35   2615.91      0.00      0.00      0.00      0.00
   46.55   2126.58      0.00      0.00      0.00      0.05
   29.07   1271.04      0.00      0.00      0.00      0.00
   85.14   3436.25      0.00      0.00      0.00      0.05
    1.18     21.70      0.00      0.00      0.00      0.00
   41.53   1872.00      0.00      0.00      0.00      0.05
   76.12   3426.84      0.00      0.00      0.00      0.00
   47.09   2110.61      0.00      0.00      0.00      0.05
   20.29    902.76      0.00      0.00      0.00      0.00
   79.82   3640.80      0.00      0.00      0.00      0.05
    0.06      0.00      0.00      0.00      0.00      0.00
   64.99   2900.47      0.00      0.00      0.00      0.05
   79.23   3560.81      0.00      0.00      0.00      0.00
   40.76   1761.35      0.00      0.00      0.00      0.05
   24.18   1045.89      0.00      0.00      0.00      0.00
   60.56   2631.29      0.00      0.00      0.00      0.05
   44.18   2001.86      0.00      0.00      0.00      0.00
   30.92   1375.01      0.00      0.00      0.00      0.05
   47.20   2139.22      0.00      0.00      0.00      0.00
   69.58   2994.22      0.00      0.00      0.00      0.05
   29.06   1137.73      0.00      0.00      0.00      0.00
   84.04   3508.46      0.00      0.00      0.00      0.05
       eth0               virbr0              vnet0       
 KB/s in  KB/s out   KB/s in  KB/s out   KB/s in  KB/s out
   35.35   1360.61      0.00      0.00      0.00      0.00
   45.06   1771.84      0.00      0.00      0.00      0.05
   75.51   3279.64      0.00      0.00      0.00      0.00
   31.33   1230.45      0.00      0.00      0.00      0.05
   33.44   1304.40      0.00      0.00      0.00      0.00
   72.61   3123.33      0.00      0.00      0.00      0.05
   34.27   1457.20      0.00      0.00      0.00      0.00
   17.91    704.77      0.00      0.00      0.00      0.05
   46.97   2140.69      0.00      0.00      0.00      0.00
   77.16   2906.08      0.00      0.00      0.00      0.05
   31.61   1144.81      0.00      0.00      0.00      0.00
   89.20   3778.90      0.00      0.00      0.00      0.05
   52.04   1805.84      0.00      0.00      0.00      0.00
   35.73   1414.24      0.00      0.00      0.00      0.05
   28.86   1261.29      0.00      0.00      0.00      0.00
   31.57   1395.45      0.00      0.00      0.00      0.05
   77.76   3465.29      0.00      0.00      0.00      0.00
   46.83   1998.63      0.00      0.00      0.00      0.05
   72.32   2899.78      0.00      0.00      0.00      0.00
   27.49   1107.30      0.00      0.00      0.00      0.05
   36.46   1521.83      0.00      0.00      0.00      0.00
   64.94   2869.67      0.00      0.00      0.00      0.05
       eth0               virbr0              vnet0       
 KB/s in  KB/s out   KB/s in  KB/s out   KB/s in  KB/s out
   58.37   2335.87      0.00      0.00      0.00      0.00
    0.13      0.14      0.00      0.00      0.00      0.05
   94.09   4308.05      0.00      0.00      0.00      0.00
    0.14      0.20      0.00      0.00      0.00      0.05
   85.32   3731.18      0.00      0.00      0.00      0.00
   78.43   3333.04      0.00      0.00      0.00      0.05
   33.53   1396.06      0.00      0.00      0.00      0.00
   23.83    944.68      0.00      0.00      0.00      0.05
   85.44   3629.82      0.00      0.00      0.00      0.00
