mkdir: cannot create directory `seq-read': File exists
seq-read start
testing size 4k
counter 1
counter 2
counter 3
counter 4
counter 5
counter 6
counter 7
counter 8
counter 9
counter 10
counter 11
counter 12
counter 13
counter 14
counter 15
counter 16
counter 17
counter 18
counter 19
counter 20
counter 21
counter 22
counter 23
counter 24
counter 25
counter 26
counter 27
counter 28
counter 29
counter 30
counter 31
counter 32
counter 33
counter 34
counter 35
counter 36
counter 37
counter 38
counter 39
counter 40
seq-read finish
