88.000000
0.000000
0.000000
2.000000
6.000000
8.000000
12.000000
233.000000
235.000000
236.000000
237.000000
238.000000
239.000000
240.000000
242.000000
243.000000
254.000000
256.000000
257.000000
259.000000
260.000000
263.000000
265.000000
266.000000
268.000000
269.000000
271.000000
272.000000
273.000000
274.000000
275.000000
276.000000
277.000000
280.000000
282.000000
8.000000
8.800000
1.000000
0.000000
0.000000
16.000000
0.000000
1.200000
152.300000
505.000000
606.000000
23.500000
23.600000
23.700000
23.800000
23.900000
24.000000
24.200000
24.300000
92.400000
99.600000
25.700000
25.900000
26.000000
26.300000
26.500000
26.600000
26.800000
26.900000
27.100000
27.200000
27.300000
27.400000
27.500000
27.600000
27.700000
28.000000
28.200000
0.000000
0.000000
2.000000
0.000000
0.000000
19.600000
0.000000
0.000000
19.230000
89.500000
523.600000
433.000000
2.350000
2.360000
2.370000
2.380000
2.390000
2.400000
2.420000
2.430000
9.240000
16.960000
86.570000
2.590000
2.600000
2.630000
2.650000
2.660000
2.680000
2.690000
2.710000
2.720000
2.730000
2.740000
2.750000
2.760000
2.770000
2.800000
2.820000
0.000000
0.000000
0.000000
1.000000
1.000000
25.960000
0.000000
15.000000
1.923000
11.950000
69.360000
185.300000
541.000000
677.000000
0.000000
0.000000
0.000000
0.000000
0.000000
0.000000
0.000000
0.000000
0.000000
1.696000
8.657000
88.000000
0.000000
0.000000
0.000000
0.000000
0.000000
0.000000
0.000000
0.000000
0.000000
0.000000
0.000000
0.000000
0.000000
0.000000
0.000000
0.000000
0.000000
0.000000
3.000000
0.000000
26.596000
0.000000
1.500000
272.000000
1.195000
7.936000
23.530000
89.100000
562.700000
233.000000
0.000000
0.000000
0.000000
0.000000
0.000000
0.000000
0.000000
0.000000
0.000000
0.000000
0.000000
8.800000
83.000000
48.000000
0.000000
0.000000
0.000000
0.000000
0.000000
0.000000
0.000000
0.000000
0.000000
0.000000
0.000000
0.000000
0.000000
0.000000
0.000000
0.000000
0.000000
1.000000
28.659600
0.000000
0.000000
378.200000
271.000000
0.000000
2.353000
11.910000
72.270000
383.300000
0.000000
0.000000
0.000000
0.000000
0.000000
0.000000
0.000000
0.000000
0.000000
0.000000
0.000000
0.000000
8.300000
35.800000
77.000000
0.000000
0.000000
0.000000
0.000000
0.000000
0.000000
0.000000
0.000000
0.000000
0.000000
0.000000
0.000000
0.000000
0.000000
0.000000
0.000000
0.000000
30.865960
0.000000
7.000000
48.820000
337.100000
0.000000
0.000000
1.191000
8.227000
73.330000
531.000000
0.000000
0.000000
0.000000
0.000000
0.000000
0.000000
0.000000
0.000000
0.000000
0.000000
0.000000
0.000000
0.000000
3.580000
7.700000
83.000000
0.000000
0.000000
0.000000
0.000000
0.000000
0.000000
0.000000
0.000000
0.000000
0.000000
0.000000
0.000000
0.000000
0.000000
0.000000
0.000000
22.086596
0.000000
0.000000
6.882000
59.710000
460.000000
0.000000
285.000000
0.000000
10.333000
147.100000
0.000000
0.000000
0.000000
0.000000
0.000000
0.000000
0.000000
0.000000
0.000000
0.000000
0.000000
0.000000
0.000000
0.000000
0.000000
8.300000
84.000000
9.000000
0.000000
0.000000
0.000000
0.000000
0.000000
0.000000
0.000000
0.000000
0.000000
0.000000
0.000000
0.000000
0.000000
0.000000
20.208660
0.000000
0.000000
4.000000
200.000000
9.971000
188.000000
556.000000
294.500000
85.000000
2.033300
16.710000
0.000000
0.000000
0.000000
0.000000
0.000000
0.000000
0.000000
0.000000
0.000000
0.000000
0.000000
0.000000
0.000000
0.000000
0.000000
0.000000
8.400000
66.000000
92.000000
0.000000
0.000000
0.000000
0.000000
0.000000
0.000000
0.000000
0.000000
0.000000
0.000000
0.000000
0.000000
0.000000
16.020866
0.000000
0.000000
0.000000
383.000000
0.000000
25.800000
85.600000
84.450000
210.500000
27.000000
1.671000
0.000000
0.000000
0.000000
0.000000
0.000000
0.000000
0.000000
0.000000
81.000000
0.000000
0.000000
0.000000
0.000000
0.000000
0.000000
0.000000
0.000000
6.600000
9.200000
0.000000
0.000000
0.000000
0.000000
0.000000
0.000000
0.000000
0.000000
0.000000
0.000000
0.000000
0.000000
0.000000
33.602087
0.000000
11.000000
0.000000
3.000000
59.300000
546.000000
49.580000
10.560000
12.445000
29.050000
246.700000
0.000000
0.000000
0.000000
0.000000
0.000000
0.000000
0.000000
0.000000
0.000000
8.100000
78.000000
80.000000
0.000000
0.000000
0.000000
0.000000
0.000000
0.000000
0.000000
0.000000
0.000000
0.000000
0.000000
0.000000
0.000000
0.000000
0.000000
0.000000
0.000000
0.000000
0.000000
0.000000
0.000000
38.360209
0.000000
1.100000
0.000000
0.000000
6.930000
149.600000
267.958000
1.056000
1.244500
264.905000
262.670000
0.000000
0.000000
1.000000
0.000000
0.000000
0.000000
0.000000
0.000000
0.000000
0.000000
7.800000
8.000000
82.000000
0.000000
0.000000
0.000000
0.000000
0.000000
0.000000
0.000000
0.000000
0.000000
0.000000
0.000000
0.000000
0.000000
0.000000
0.000000
0.000000
0.000000
0.000000
0.000000
0.000000
32.836021
0.000000
0.000000
0.000000
0.000000
0.000000
19.960000
40.795800
302.000000
0.000000
71.490500
89.267000
276.000000
0.000000
2.000000
0.000000
0.000000
0.000000
0.000000
0.000000
0.000000
0.000000
0.000000
0.000000
8.200000
80.000000
0.000000
0.000000
0.000000
0.000000
0.000000
0.000000
0.000000
0.000000
0.000000
0.000000
0.000000
0.000000
0.000000
0.000000
0.000000
0.000000
0.000000
0.000000
0.000000
22.283602
0.000000
12.000000
0.000000
0.000000
0.000000
1.996000
271.079580
337.200000
275.000000
108.149050
9.926700
283.600000
0.000000
0.000000
2.000000
0.000000
0.000000
0.000000
0.000000
0.000000
0.000000
0.000000
0.000000
0.000000
0.000000
8.000000
83.000000
51.000000
0.000000
0.000000
0.000000
0.000000
0.000000
0.000000
0.000000
0.000000
0.000000
0.000000
0.000000
0.000000
0.000000
0.000000
0.000000
0.000000
0.000000
38.228360
0.000000
1.200000
0.000000
0.000000
0.000000
0.000000
52.107958
43.720000
297.500000
251.814905
0.000000
60.360000
449.000000
0.000000
0.000000
2.000000
0.000000
0.000000
0.000000
0.000000
0.000000
0.000000
0.000000
0.000000
0.000000
0.000000
0.000000
8.300000
38.100000
86.000000
0.000000
0.000000
0.000000
0.000000
0.000000
0.000000
0.000000
0.000000
0.000000
0.000000
0.000000
0.000000
0.000000
0.000000
0.000000
0.000000
25.822836
0.000000
0.000000
0.000000
0.000000
0.000000
95.000000
234.210796
5.372000
44.750000
32.181491
284.000000
8.036000
144.900000
555.000000
0.000000
0.000000
0.000000
558.000000
0.000000
0.000000
0.000000
0.000000
0.000000
0.000000
0.000000
0.000000
0.000000
0.000000
0.000000
0.000000
3.810000
8.600000
86.000000
0.000000
0.000000
0.000000
0.000000
0.000000
0.000000
0.000000
0.000000
0.000000
0.000000
0.000000
0.000000
0.000000
0.000000
0.000000
11.582284
0.000000
13.000000
0.000000
0.000000
0.000000
466.500000
88.421080
296.000000
4.475000
4.218149
45.400000
0.000000
17.490000
136.500000
0.000000
0.000000
0.000000
57.800000
0.000000
0.000000
0.000000
0.000000
0.000000
0.000000
0.000000
0.000000
0.000000
0.000000
0.000000
0.000000
0.000000
0.000000
8.600000
87.000000
43.000000
0.000000
0.000000
0.000000
0.000000
0.000000
0.000000
0.000000
0.000000
0.000000
0.000000
0.000000
0.000000
0.000000
16.158228
0.000000
1.300000
0.000000
0.000000
0.000000
96.650000
279.842108
43.600000
0.000000
291.000000
5.540000
0.000000
2.749000
15.650000
0.000000
0.000000
0.000000
5.780000
3.000000
0.000000
0.000000
0.000000
0.000000
0.000000
79.000000
0.000000
0.000000
0.000000
0.000000
0.000000
0.000000
0.000000
0.000000
8.700000
41.300000
0.000000
0.000000
0.000000
0.000000
0.000000
0.000000
0.000000
0.000000
0.000000
0.000000
0.000000
0.000000
0.000000
30.615823
0.000000
0.000000
0.000000
0.000000
491.000000
10.665000
49.984211
7.360000
238.000000
57.100000
296.000000
307.000000
216.000000
1.565000
0.000000
0.000000
0.000000
0.000000
0.000000
1.000000
0.000000
0.000000
0.000000
0.000000
0.000000
7.900000
82.000000
8.000000
0.000000
0.000000
0.000000
0.000000
0.000000
0.000000
0.000000
4.130000
0.000000
0.000000
0.000000
0.000000
0.000000
0.000000
0.000000
0.000000
0.000000
0.000000
0.000000
0.000000
0.000000
35.061582
0.000000
0.000000
0.000000
0.000000
124.100000
2.066500
198.998421
301.000000
300.800000
6.710000
43.600000
51.700000
90.600000
0.000000
0.000000
0.000000
0.000000
0.000000
0.000000
2.000000
0.000000
0.000000
0.000000
0.000000
0.000000
0.000000
8.200000
73.000000
83.000000
0.000000
0.000000
0.000000
0.000000
0.000000
0.000000
0.000000
0.000000
0.000000
0.000000
0.000000
0.000000
0.000000
0.000000
0.000000
0.000000
0.000000
0.000000
0.000000
0.000000
15.506158
0.000000
9.000000
0.000000
0.000000
18.410000
488.000000
125.899842
69.100000
50.080000
262.000000
311.360000
250.170000
12.060000
0.000000
0.000000
0.000000
0.000000
0.000000
0.000000
0.000000
0.000000
0.000000
0.000000
0.000000
0.000000
0.000000
0.000000
7.300000
8.300000
85.000000
0.000000
0.000000
0.000000
0.000000
0.000000
0.000000
0.000000
0.000000
0.000000
0.000000
0.000000
0.000000
0.000000
0.000000
0.000000
0.000000
0.000000
0.000000
0.000000
13.550616
0.000000
0.000000
0.000000
0.000000
2.841000
186.800000
22.589984
7.910000
6.008000
46.200000
44.136000
63.017000
296.206000
0.000000
0.000000
0.000000
0.000000
0.000000
0.000000
0.000000
3.000000
0.000000
0.000000
0.000000
0.000000
0.000000
0.000000
0.000000
0.000000
0.000000
8.500000
96.000000
3.000000
0.000000
0.000000
0.000000
0.000000
0.000000
0.000000
0.000000
0.000000
0.000000
0.000000
0.000000
0.000000
0.000000
0.000000
0.000000
0.000000
0.000000
8.355062
0.000000
0.000000
0.000000
0.000000
2.000000
18.680000
2.258998
0.000000
0.000000
244.620000
4.413600
6.301700
39.620600
442.000000
0.000000
0.000000
0.000000
0.000000
0.000000
0.000000
0.000000
2.000000
0.000000
0.000000
0.000000
0.000000
0.000000
0.000000
0.000000
0.000000
0.000000
9.600000
78.000000
73.000000
0.000000
0.000000
0.000000
0.000000
0.000000
0.000000
0.000000
0.000000
0.000000
0.000000
0.000000
0.000000
0.000000
0.000000
0.000000
0.000000
1.000000
0.000000
11.000000
0.000000
0.000000
279.000000
2.868000
473.000000
209.000000
0.000000
113.462000
0.000000
0.000000
3.962060
162.200000
0.000000
0.000000
0.000000
0.000000
0.000000
0.000000
0.000000
1.000000
0.000000
0.000000
0.000000
0.000000
0.000000
0.000000
0.000000
0.000000
0.000000
0.000000
7.800000
14.300000
84.000000
0.000000
0.000000
0.000000
0.000000
0.000000
0.000000
0.000000
0.000000
0.000000
0.000000
0.000000
0.000000
0.000000
0.000000
0.000000
0.000000
0.000000
1.100000
0.000000
0.000000
51.900000
0.000000
183.300000
92.900000
0.000000
304.346200
0.000000
280.000000
381.000000
27.220000
0.000000
0.000000
0.000000
0.000000
0.000000
0.000000
0.000000
0.000000
3.000000
0.000000
0.000000
0.000000
0.000000
0.000000
0.000000
0.000000
0.000000
0.000000
0.000000
0.000000
1.430000
8.400000
92.000000
0.000000
0.000000
0.000000
0.000000
0.000000
0.000000
0.000000
0.000000
0.000000
0.000000
0.000000
0.000000
0.000000
0.000000
0.000000
0.000000
0.000000
0.000000
0.000000
189.190000
504.000000
21.330000
240.290000
259.000000
55.434620
0.000000
43.000000
251.100000
2.722000
0.000000
0.000000
0.000000
0.000000
0.000000
0.000000
0.000000
0.000000
2.000000
0.000000
0.000000
0.000000
0.000000
84.000000
0.000000
0.000000
0.000000
0.000000
0.000000
0.000000
0.000000
0.000000
9.200000
100.000000
0.000000
0.000000
0.000000
0.000000
0.000000
0.000000
0.000000
0.000000
0.000000
0.000000
0.000000
0.000000
0.000000
0.000000
0.000000
12.000000
0.000000
0.000000
141.919000
102.400000
2.133000
100.029000
351.900000
7.543462
0.000000
251.300000
30.110000
0.000000
0.000000
0.000000
0.000000
0.000000
0.000000
0.000000
0.000000
0.000000
0.000000
3.000000
0.000000
0.000000
0.000000
0.000000
8.400000
82.000000
0.000000
0.000000
0.000000
0.000000
0.000000
0.000000
0.000000
0.000000
10.000000
0.000000
0.000000
0.000000
0.000000
0.000000
0.000000
0.000000
0.000000
0.000000
0.000000
0.000000
0.000000
0.000000
0.000000
0.000000
1.200000
0.000000
0.000000
225.191900
12.240000
0.000000
203.002900
66.190000
0.000000
0.000000
95.130000
3.011000
0.000000
0.000000
0.000000
0.000000
0.000000
0.000000
0.000000
0.000000
0.000000
0.000000
1.000000
0.000000
0.000000
0.000000
0.000000
0.000000
8.200000
89.000000
85.000000
0.000000
0.000000
0.000000
0.000000
0.000000
0.000000
1.000000
0.000000
0.000000
0.000000
0.000000
0.000000
0.000000
0.000000
0.000000
0.000000
0.000000
0.000000
0.000000
0.000000
0.000000
0.000000
0.000000
0.000000
0.000000
82.519190
1.224000
515.000000
116.300290
9.619000
0.000000
0.000000
11.513000
296.000000
277.000000
0.000000
0.000000
0.000000
0.000000
0.000000
0.000000
0.000000
0.000000
0.000000
0.000000
4.000000
0.000000
0.000000
0.000000
0.000000
0.000000
8.900000
8.500000
83.000000
0.000000
0.000000
0.000000
0.000000
0.000000
0.000000
0.000000
0.000000
0.000000
0.000000
0.000000
0.000000
0.000000
0.000000
0.000000
0.000000
0.000000
0.000000
0.000000
0.000000
0.000000
0.000000
0.000000
0.000000
12.251919
252.000000
133.500000
170.630029
0.000000
332.000000
0.000000
301.151300
45.600000
54.700000
0.000000
0.000000
0.000000
0.000000
0.000000
0.000000
0.000000
0.000000
0.000000
0.000000
0.000000
1.000000
0.000000
0.000000
0.000000
0.000000
0.000000
0.000000
0.000000
8.300000
89.000000
19.000000
0.000000
0.000000
0.000000
0.000000
0.000000
0.000000
0.000000
0.000000
0.000000
0.000000
0.000000
0.000000
0.000000
0.000000
0.000000
0.000000
0.000000
0.000000
0.000000
13.000000
0.000000
0.000000
228.225192
279.200000
13.350000
167.063003
0.000000
36.200000
0.000000
53.115130
4.560000
7.470000
0.000000
0.000000
0.000000
0.000000
0.000000
0.000000
0.000000
0.000000
0.000000
0.000000
0.000000
2.000000
0.000000
0.000000
0.000000
0.000000
0.000000
0.000000
0.000000
0.000000
8.900000
75.900000
17.000000
0.000000
0.000000
0.000000
0.000000
0.000000
0.000000
0.000000
0.000000
0.000000
0.000000
0.000000
0.000000
